<?xml version="1.0" encoding="UTF-8"?>
<testsuites>
  <testsuite name="Ksfraser\Tests\Unit\Repository\LineItemRepositoryTest" file="C:\Users\prote\Documents\software-devel\ksf_bank_import\tests\unit\Repository\LineItemRepositoryTest.php" tests="26" assertions="42" errors="0" warnings="0" failures="0" skipped="0" time="0.308131">
    <testcase name="testRepositoryImplementsInterface" class="Ksfraser\Tests\Unit\Repository\LineItemRepositoryTest" classname="Ksfraser.Tests.Unit.Repository.LineItemRepositoryTest" file="C:\Users\prote\Documents\software-devel\ksf_bank_import\tests\unit\Repository\LineItemRepositoryTest.php" line="104" assertions="1" time="0.055583"/>
    <testcase name="testRepositoryImplementsPrefixedInterface" class="Ksfraser\Tests\Unit\Repository\LineItemRepositoryTest" classname="Ksfraser.Tests.Unit.Repository.LineItemRepositoryTest" file="C:\Users\prote\Documents\software-devel\ksf_bank_import\tests\unit\Repository\LineItemRepositoryTest.php" line="113" assertions="1" time="0.008264"/>
    <testcase name="testConstructorSetsDefaultPrefix" class="Ksfraser\Tests\Unit\Repository\LineItemRepositoryTest" classname="Ksfraser.Tests.Unit.Repository.LineItemRepositoryTest" file="C:\Users\prote\Documents\software-devel\ksf_bank_import\tests\unit\Repository\LineItemRepositoryTest.php" line="122" assertions="1" time="0.008989"/>
    <testcase name="testConstructorAcceptsCustomPrefix" class="Ksfraser\Tests\Unit\Repository\LineItemRepositoryTest" classname="Ksfraser.Tests.Unit.Repository.LineItemRepositoryTest" file="C:\Users\prote\Documents\software-devel\ksf_bank_import\tests\unit\Repository\LineItemRepositoryTest.php" line="131" assertions="1" time="0.008696"/>
    <testcase name="testSetTablePrefix" class="Ksfraser\Tests\Unit\Repository\LineItemRepositoryTest" classname="Ksfraser.Tests.Unit.Repository.LineItemRepositoryTest" file="C:\Users\prote\Documents\software-devel\ksf_bank_import\tests\unit\Repository\LineItemRepositoryTest.php" line="145" assertions="1" time="0.007959"/>
    <testcase name="testGetTableName" class="Ksfraser\Tests\Unit\Repository\LineItemRepositoryTest" classname="Ksfraser.Tests.Unit.Repository.LineItemRepositoryTest" file="C:\Users\prote\Documents\software-devel\ksf_bank_import\tests\unit\Repository\LineItemRepositoryTest.php" line="155" assertions="1" time="0.008301"/>
    <testcase name="testGetFullTableName" class="Ksfraser\Tests\Unit\Repository\LineItemRepositoryTest" classname="Ksfraser.Tests.Unit.Repository.LineItemRepositoryTest" file="C:\Users\prote\Documents\software-devel\ksf_bank_import\tests\unit\Repository\LineItemRepositoryTest.php" line="164" assertions="1" time="0.008419"/>
    <testcase name="testGetFullTableNameWithCustomPrefix" class="Ksfraser\Tests\Unit\Repository\LineItemRepositoryTest" classname="Ksfraser.Tests.Unit.Repository.LineItemRepositoryTest" file="C:\Users\prote\Documents\software-devel\ksf_bank_import\tests\unit\Repository\LineItemRepositoryTest.php" line="173" assertions="1" time="0.007943"/>
    <testcase name="testSaveNewLineItem" class="Ksfraser\Tests\Unit\Repository\LineItemRepositoryTest" classname="Ksfraser.Tests.Unit.Repository.LineItemRepositoryTest" file="C:\Users\prote\Documents\software-devel\ksf_bank_import\tests\unit\Repository\LineItemRepositoryTest.php" line="187" assertions="1" time="0.010176"/>
    <testcase name="testSaveCallsInsertForNewItem" class="Ksfraser\Tests\Unit\Repository\LineItemRepositoryTest" classname="Ksfraser.Tests.Unit.Repository.LineItemRepositoryTest" file="C:\Users\prote\Documents\software-devel\ksf_bank_import\tests\unit\Repository\LineItemRepositoryTest.php" line="202" assertions="1" time="0.010894"/>
    <testcase name="testFindByIdReturnsLineItem" class="Ksfraser\Tests\Unit\Repository\LineItemRepositoryTest" classname="Ksfraser.Tests.Unit.Repository.LineItemRepositoryTest" file="C:\Users\prote\Documents\software-devel\ksf_bank_import\tests\unit\Repository\LineItemRepositoryTest.php" line="222" assertions="2" time="0.008982"/>
    <testcase name="testFindByIdThrowsExceptionWhenNotFound" class="Ksfraser\Tests\Unit\Repository\LineItemRepositoryTest" classname="Ksfraser.Tests.Unit.Repository.LineItemRepositoryTest" file="C:\Users\prote\Documents\software-devel\ksf_bank_import\tests\unit\Repository\LineItemRepositoryTest.php" line="234" assertions="1" time="0.016148"/>
    <testcase name="testFindByTransactionIdReturnsArray" class="Ksfraser\Tests\Unit\Repository\LineItemRepositoryTest" classname="Ksfraser.Tests.Unit.Repository.LineItemRepositoryTest" file="C:\Users\prote\Documents\software-devel\ksf_bank_import\tests\unit\Repository\LineItemRepositoryTest.php" line="263" assertions="3" time="0.010067"/>
    <testcase name="testFindByTransactionIdReturnsEmptyArrayWhenNoneFound" class="Ksfraser\Tests\Unit\Repository\LineItemRepositoryTest" classname="Ksfraser.Tests.Unit.Repository.LineItemRepositoryTest" file="C:\Users\prote\Documents\software-devel\ksf_bank_import\tests\unit\Repository\LineItemRepositoryTest.php" line="276" assertions="2" time="0.012747"/>
    <testcase name="testFindByGLAccountReturnsArray" class="Ksfraser\Tests\Unit\Repository\LineItemRepositoryTest" classname="Ksfraser.Tests.Unit.Repository.LineItemRepositoryTest" file="C:\Users\prote\Documents\software-devel\ksf_bank_import\tests\unit\Repository\LineItemRepositoryTest.php" line="307" assertions="3" time="0.009808"/>
    <testcase name="testFindByGLAccountReturnsEmptyArrayWhenNoneFound" class="Ksfraser\Tests\Unit\Repository\LineItemRepositoryTest" classname="Ksfraser.Tests.Unit.Repository.LineItemRepositoryTest" file="C:\Users\prote\Documents\software-devel\ksf_bank_import\tests\unit\Repository\LineItemRepositoryTest.php" line="320" assertions="2" time="0.012935"/>
    <testcase name="testDeleteSucceeds" class="Ksfraser\Tests\Unit\Repository\LineItemRepositoryTest" classname="Ksfraser.Tests.Unit.Repository.LineItemRepositoryTest" file="C:\Users\prote\Documents\software-devel\ksf_bank_import\tests\unit\Repository\LineItemRepositoryTest.php" line="355" assertions="1" time="0.009061"/>
    <testcase name="testCountReturnsTotal" class="Ksfraser\Tests\Unit\Repository\LineItemRepositoryTest" classname="Ksfraser.Tests.Unit.Repository.LineItemRepositoryTest" file="C:\Users\prote\Documents\software-devel\ksf_bank_import\tests\unit\Repository\LineItemRepositoryTest.php" line="370" assertions="1" time="0.011510"/>
    <testcase name="testCountReturnsZeroWhenEmpty" class="Ksfraser\Tests\Unit\Repository\LineItemRepositoryTest" classname="Ksfraser.Tests.Unit.Repository.LineItemRepositoryTest" file="C:\Users\prote\Documents\software-devel\ksf_bank_import\tests\unit\Repository\LineItemRepositoryTest.php" line="397" assertions="1" time="0.010160"/>
    <testcase name="testGetTotalAmountReturnsSum" class="Ksfraser\Tests\Unit\Repository\LineItemRepositoryTest" classname="Ksfraser.Tests.Unit.Repository.LineItemRepositoryTest" file="C:\Users\prote\Documents\software-devel\ksf_bank_import\tests\unit\Repository\LineItemRepositoryTest.php" line="412" assertions="1" time="0.011794"/>
    <testcase name="testGetTotalAmountForTransactionReturnsSum" class="Ksfraser\Tests\Unit\Repository\LineItemRepositoryTest" classname="Ksfraser.Tests.Unit.Repository.LineItemRepositoryTest" file="C:\Users\prote\Documents\software-devel\ksf_bank_import\tests\unit\Repository\LineItemRepositoryTest.php" line="439" assertions="1" time="0.012485"/>
    <testcase name="testFindByIdThrowsRepositoryExceptionOnDatabaseError" class="Ksfraser\Tests\Unit\Repository\LineItemRepositoryTest" classname="Ksfraser.Tests.Unit.Repository.LineItemRepositoryTest" file="C:\Users\prote\Documents\software-devel\ksf_bank_import\tests\unit\Repository\LineItemRepositoryTest.php" line="473" assertions="1" time="0.009698"/>
    <testcase name="testFindByTransactionIdThrowsRepositoryExceptionOnDatabaseError" class="Ksfraser\Tests\Unit\Repository\LineItemRepositoryTest" classname="Ksfraser.Tests.Unit.Repository.LineItemRepositoryTest" file="C:\Users\prote\Documents\software-devel\ksf_bank_import\tests\unit\Repository\LineItemRepositoryTest.php" line="487" assertions="1" time="0.008868"/>
    <testcase name="testDeleteThrowsRepositoryExceptionOnDatabaseError" class="Ksfraser\Tests\Unit\Repository\LineItemRepositoryTest" classname="Ksfraser.Tests.Unit.Repository.LineItemRepositoryTest" file="C:\Users\prote\Documents\software-devel\ksf_bank_import\tests\unit\Repository\LineItemRepositoryTest.php" line="501" assertions="1" time="0.009643"/>
    <testcase name="testFindByIdMapsAllProperties" class="Ksfraser\Tests\Unit\Repository\LineItemRepositoryTest" classname="Ksfraser.Tests.Unit.Repository.LineItemRepositoryTest" file="C:\Users\prote\Documents\software-devel\ksf_bank_import\tests\unit\Repository\LineItemRepositoryTest.php" line="519" assertions="8" time="0.009584"/>
    <testcase name="testFindByTransactionIdMapsAll" class="Ksfraser\Tests\Unit\Repository\LineItemRepositoryTest" classname="Ksfraser.Tests.Unit.Repository.LineItemRepositoryTest" file="C:\Users\prote\Documents\software-devel\ksf_bank_import\tests\unit\Repository\LineItemRepositoryTest.php" line="537" assertions="3" time="0.009419"/>
  </testsuite>
</testsuites>
