<?xml version="1.0" encoding="UTF-8"?>
<testsuites>
  <testsuite name="Tests\Unit\Services\Enrichment\EnrichmentServiceTest" file="C:\Users\prote\Documents\software-devel\ksf_bank_import\tests\unit\Services\Enrichment\EnrichmentServiceTest.php" tests="11" assertions="22" errors="0" warnings="0" failures="0" skipped="0" time="1.793495">
    <testcase name="testEnrichWithoutProvidersReturnsStatement" class="Tests\Unit\Services\Enrichment\EnrichmentServiceTest" classname="Tests.Unit.Services.Enrichment.EnrichmentServiceTest" file="C:\Users\prote\Documents\software-devel\ksf_bank_import\tests\unit\Services\Enrichment\EnrichmentServiceTest.php" line="33" assertions="1" time="1.695571"/>
    <testcase name="testNoEnrichmentProvidersAvailable" class="Tests\Unit\Services\Enrichment\EnrichmentServiceTest" classname="Tests.Unit.Services.Enrichment.EnrichmentServiceTest" file="C:\Users\prote\Documents\software-devel\ksf_bank_import\tests\unit\Services\Enrichment\EnrichmentServiceTest.php" line="46" assertions="1" time="0.025795"/>
    <testcase name="testGetProvidersAvailableAllUnavailable" class="Tests\Unit\Services\Enrichment\EnrichmentServiceTest" classname="Tests.Unit.Services.Enrichment.EnrichmentServiceTest" file="C:\Users\prote\Documents\software-devel\ksf_bank_import\tests\unit\Services\Enrichment\EnrichmentServiceTest.php" line="54" assertions="3" time="0.000754"/>
    <testcase name="testCreateWithExchangeRateProvider" class="Tests\Unit\Services\Enrichment\EnrichmentServiceTest" classname="Tests.Unit.Services.Enrichment.EnrichmentServiceTest" file="C:\Users\prote\Documents\software-devel\ksf_bank_import\tests\unit\Services\Enrichment\EnrichmentServiceTest.php" line="66" assertions="3" time="0.005130"/>
    <testcase name="testCreateWithBankMetadataProvider" class="Tests\Unit\Services\Enrichment\EnrichmentServiceTest" classname="Tests.Unit.Services.Enrichment.EnrichmentServiceTest" file="C:\Users\prote\Documents\software-devel\ksf_bank_import\tests\unit\Services\Enrichment\EnrichmentServiceTest.php" line="88" assertions="3" time="0.000739"/>
    <testcase name="testCreateWithMerchantCategoryProvider" class="Tests\Unit\Services\Enrichment\EnrichmentServiceTest" classname="Tests.Unit.Services.Enrichment.EnrichmentServiceTest" file="C:\Users\prote\Documents\software-devel\ksf_bank_import\tests\unit\Services\Enrichment\EnrichmentServiceTest.php" line="114" assertions="3" time="0.000707"/>
    <testcase name="testCreateWithAllProvidersAvailable" class="Tests\Unit\Services\Enrichment\EnrichmentServiceTest" classname="Tests.Unit.Services.Enrichment.EnrichmentServiceTest" file="C:\Users\prote\Documents\software-devel\ksf_bank_import\tests\unit\Services\Enrichment\EnrichmentServiceTest.php" line="140" assertions="4" time="0.000967"/>
    <testcase name="testEnrichForeignCurrencyWithExchangeRateProvider" class="Tests\Unit\Services\Enrichment\EnrichmentServiceTest" classname="Tests.Unit.Services.Enrichment.EnrichmentServiceTest" file="C:\Users\prote\Documents\software-devel\ksf_bank_import\tests\unit\Services\Enrichment\EnrichmentServiceTest.php" line="177" assertions="1" time="0.061160"/>
    <testcase name="testSkipExchangeRateForCADCurrency" class="Tests\Unit\Services\Enrichment\EnrichmentServiceTest" classname="Tests.Unit.Services.Enrichment.EnrichmentServiceTest" file="C:\Users\prote\Documents\software-devel\ksf_bank_import\tests\unit\Services\Enrichment\EnrichmentServiceTest.php" line="202" assertions="1" time="0.000887"/>
    <testcase name="testGracefulErrorHandlingInProviders" class="Tests\Unit\Services\Enrichment\EnrichmentServiceTest" classname="Tests.Unit.Services.Enrichment.EnrichmentServiceTest" file="C:\Users\prote\Documents\software-devel\ksf_bank_import\tests\unit\Services\Enrichment\EnrichmentServiceTest.php" line="224" assertions="1" time="0.000921"/>
    <testcase name="testEnrichWithAllProvidersSucceed" class="Tests\Unit\Services\Enrichment\EnrichmentServiceTest" classname="Tests.Unit.Services.Enrichment.EnrichmentServiceTest" file="C:\Users\prote\Documents\software-devel\ksf_bank_import\tests\unit\Services\Enrichment\EnrichmentServiceTest.php" line="245" assertions="1" time="0.000864"/>
  </testsuite>
</testsuites>
