<?xml version="1.0" encoding="UTF-8"?>
<testsuites>
  <testsuite name="Tests\Ksfraser\FaBankImport\Import\Phase2_1_FoundationTest" file="C:\Users\prote\Documents\software-devel\ksf_bank_import\tests\Phase2_1_FoundationTest.php" tests="26" assertions="83" errors="0" warnings="0" failures="0" skipped="0" time="0.038411">
    <testcase name="parsed_statement_dto_can_be_created" class="Tests\Ksfraser\FaBankImport\Import\Phase2_1_FoundationTest" classname="Tests.Ksfraser.FaBankImport.Import.Phase2_1_FoundationTest" file="C:\Users\prote\Documents\software-devel\ksf_bank_import\tests\Phase2_1_FoundationTest.php" line="47" assertions="7" time="0.008404"/>
    <testcase name="parsed_statement_dto_throws_on_missing_fields" class="Tests\Ksfraser\FaBankImport\Import\Phase2_1_FoundationTest" classname="Tests.Ksfraser.FaBankImport.Import.Phase2_1_FoundationTest" file="C:\Users\prote\Documents\software-devel\ksf_bank_import\tests\Phase2_1_FoundationTest.php" line="75" assertions="2" time="0.002107"/>
    <testcase name="parsed_statement_dto_calculates_debits_and_credits" class="Tests\Ksfraser\FaBankImport\Import\Phase2_1_FoundationTest" classname="Tests.Ksfraser.FaBankImport.Import.Phase2_1_FoundationTest" file="C:\Users\prote\Documents\software-devel\ksf_bank_import\tests\Phase2_1_FoundationTest.php" line="89" assertions="3" time="0.000694"/>
    <testcase name="validation_result_dto_success" class="Tests\Ksfraser\FaBankImport\Import\Phase2_1_FoundationTest" classname="Tests.Ksfraser.FaBankImport.Import.Phase2_1_FoundationTest" file="C:\Users\prote\Documents\software-devel\ksf_bank_import\tests\Phase2_1_FoundationTest.php" line="115" assertions="3" time="0.001356"/>
    <testcase name="validation_result_dto_with_errors" class="Tests\Ksfraser\FaBankImport\Import\Phase2_1_FoundationTest" classname="Tests.Ksfraser.FaBankImport.Import.Phase2_1_FoundationTest" file="C:\Users\prote\Documents\software-devel\ksf_bank_import\tests\Phase2_1_FoundationTest.php" line="127" assertions="3" time="0.000833"/>
    <testcase name="validation_result_dto_with_warnings" class="Tests\Ksfraser\FaBankImport\Import\Phase2_1_FoundationTest" classname="Tests.Ksfraser.FaBankImport.Import.Phase2_1_FoundationTest" file="C:\Users\prote\Documents\software-devel\ksf_bank_import\tests\Phase2_1_FoundationTest.php" line="139" assertions="2" time="0.000534"/>
    <testcase name="validation_result_dto_with_rule_violations" class="Tests\Ksfraser\FaBankImport\Import\Phase2_1_FoundationTest" classname="Tests.Ksfraser.FaBankImport.Import.Phase2_1_FoundationTest" file="C:\Users\prote\Documents\software-devel\ksf_bank_import\tests\Phase2_1_FoundationTest.php" line="150" assertions="2" time="0.000642"/>
    <testcase name="import_progress_dto_can_be_created" class="Tests\Ksfraser\FaBankImport\Import\Phase2_1_FoundationTest" classname="Tests.Ksfraser.FaBankImport.Import.Phase2_1_FoundationTest" file="C:\Users\prote\Documents\software-devel\ksf_bank_import\tests\Phase2_1_FoundationTest.php" line="167" assertions="4" time="0.001788"/>
    <testcase name="import_progress_dto_tracks_completion" class="Tests\Ksfraser\FaBankImport\Import\Phase2_1_FoundationTest" classname="Tests.Ksfraser.FaBankImport.Import.Phase2_1_FoundationTest" file="C:\Users\prote\Documents\software-devel\ksf_bank_import\tests\Phase2_1_FoundationTest.php" line="180" assertions="5" time="0.000860"/>
    <testcase name="import_progress_dto_formats_elapsed_time" class="Tests\Ksfraser\FaBankImport\Import\Phase2_1_FoundationTest" classname="Tests.Ksfraser.FaBankImport.Import.Phase2_1_FoundationTest" file="C:\Users\prote\Documents\software-devel\ksf_bank_import\tests\Phase2_1_FoundationTest.php" line="198" assertions="1" time="0.001130"/>
    <testcase name="import_session_dto_can_be_created" class="Tests\Ksfraser\FaBankImport\Import\Phase2_1_FoundationTest" classname="Tests.Ksfraser.FaBankImport.Import.Phase2_1_FoundationTest" file="C:\Users\prote\Documents\software-devel\ksf_bank_import\tests\Phase2_1_FoundationTest.php" line="211" assertions="5" time="0.001198"/>
    <testcase name="import_session_dto_can_transition_steps" class="Tests\Ksfraser\FaBankImport\Import\Phase2_1_FoundationTest" classname="Tests.Ksfraser.FaBankImport.Import.Phase2_1_FoundationTest" file="C:\Users\prote\Documents\software-devel\ksf_bank_import\tests\Phase2_1_FoundationTest.php" line="225" assertions="1" time="0.000504"/>
    <testcase name="import_session_dto_can_store_parsed_data" class="Tests\Ksfraser\FaBankImport\Import\Phase2_1_FoundationTest" classname="Tests.Ksfraser.FaBankImport.Import.Phase2_1_FoundationTest" file="C:\Users\prote\Documents\software-devel\ksf_bank_import\tests\Phase2_1_FoundationTest.php" line="236" assertions="2" time="0.002199"/>
    <testcase name="import_session_dto_can_store_validation_result" class="Tests\Ksfraser\FaBankImport\Import\Phase2_1_FoundationTest" classname="Tests.Ksfraser.FaBankImport.Import.Phase2_1_FoundationTest" file="C:\Users\prote\Documents\software-devel\ksf_bank_import\tests\Phase2_1_FoundationTest.php" line="258" assertions="2" time="0.000668"/>
    <testcase name="import_session_dto_tracks_age" class="Tests\Ksfraser\FaBankImport\Import\Phase2_1_FoundationTest" classname="Tests.Ksfraser.FaBankImport.Import.Phase2_1_FoundationTest" file="C:\Users\prote\Documents\software-devel\ksf_bank_import\tests\Phase2_1_FoundationTest.php" line="272" assertions="3" time="0.002680"/>
    <testcase name="exception_hierarchy_is_correct" class="Tests\Ksfraser\FaBankImport\Import\Phase2_1_FoundationTest" classname="Tests.Ksfraser.FaBankImport.Import.Phase2_1_FoundationTest" file="C:\Users\prote\Documents\software-devel\ksf_bank_import\tests\Phase2_1_FoundationTest.php" line="286" assertions="8" time="0.003869"/>
    <testcase name="parser_exception_factory_methods_work" class="Tests\Ksfraser\FaBankImport\Import\Phase2_1_FoundationTest" classname="Tests.Ksfraser.FaBankImport.Import.Phase2_1_FoundationTest" file="C:\Users\prote\Documents\software-devel\ksf_bank_import\tests\Phase2_1_FoundationTest.php" line="311" assertions="4" time="0.000688"/>
    <testcase name="validation_exception_has_error_collection" class="Tests\Ksfraser\FaBankImport\Import\Phase2_1_FoundationTest" classname="Tests.Ksfraser.FaBankImport.Import.Phase2_1_FoundationTest" file="C:\Users\prote\Documents\software-devel\ksf_bank_import\tests\Phase2_1_FoundationTest.php" line="327" assertions="2" time="0.000612"/>
    <testcase name="duplicate_exception_stores_matches" class="Tests\Ksfraser\FaBankImport\Import\Phase2_1_FoundationTest" classname="Tests.Ksfraser.FaBankImport.Import.Phase2_1_FoundationTest" file="C:\Users\prote\Documents\software-devel\ksf_bank_import\tests\Phase2_1_FoundationTest.php" line="338" assertions="1" time="0.000538"/>
    <testcase name="base_handler_can_be_extended" class="Tests\Ksfraser\FaBankImport\Import\Phase2_1_FoundationTest" classname="Tests.Ksfraser.FaBankImport.Import.Phase2_1_FoundationTest" file="C:\Users\prote\Documents\software-devel\ksf_bank_import\tests\Phase2_1_FoundationTest.php" line="355" assertions="1" time="0.000491"/>
    <testcase name="base_handler_supports_success_result" class="Tests\Ksfraser\FaBankImport\Import\Phase2_1_FoundationTest" classname="Tests.Ksfraser.FaBankImport.Import.Phase2_1_FoundationTest" file="C:\Users\prote\Documents\software-devel\ksf_bank_import\tests\Phase2_1_FoundationTest.php" line="365" assertions="2" time="0.000853"/>
    <testcase name="base_handler_supports_failure_result" class="Tests\Ksfraser\FaBankImport\Import\Phase2_1_FoundationTest" classname="Tests.Ksfraser.FaBankImport.Import.Phase2_1_FoundationTest" file="C:\Users\prote\Documents\software-devel\ksf_bank_import\tests\Phase2_1_FoundationTest.php" line="379" assertions="2" time="0.000692"/>
    <testcase name="base_handler_supports_rollback" class="Tests\Ksfraser\FaBankImport\Import\Phase2_1_FoundationTest" classname="Tests.Ksfraser.FaBankImport.Import.Phase2_1_FoundationTest" file="C:\Users\prote\Documents\software-devel\ksf_bank_import\tests\Phase2_1_FoundationTest.php" line="393" assertions="1" time="0.000557"/>
    <testcase name="base_handler_validates_step" class="Tests\Ksfraser\FaBankImport\Import\Phase2_1_FoundationTest" classname="Tests.Ksfraser.FaBankImport.Import.Phase2_1_FoundationTest" file="C:\Users\prote\Documents\software-devel\ksf_bank_import\tests\Phase2_1_FoundationTest.php" line="407" assertions="1" time="0.000577"/>
    <testcase name="service_interfaces_exist" class="Tests\Ksfraser\FaBankImport\Import\Phase2_1_FoundationTest" classname="Tests.Ksfraser.FaBankImport.Import.Phase2_1_FoundationTest" file="C:\Users\prote\Documents\software-devel\ksf_bank_import\tests\Phase2_1_FoundationTest.php" line="421" assertions="7" time="0.003130"/>
    <testcase name="service_interfaces_have_expected_methods" class="Tests\Ksfraser\FaBankImport\Import\Phase2_1_FoundationTest" classname="Tests.Ksfraser.FaBankImport.Import.Phase2_1_FoundationTest" file="C:\Users\prote\Documents\software-devel\ksf_bank_import\tests\Phase2_1_FoundationTest.php" line="436" assertions="9" time="0.000807"/>
  </testsuite>
</testsuites>
