<?xml version="1.0" encoding="UTF-8"?>
<testsuites>
  <testsuite name="C:\Users\prote\Documents\software-devel\ksf_bank_import\tests\unit\Repository" tests="90" assertions="109" errors="19" warnings="0" failures="17" skipped="3" time="0.611464">
    <testsuite name="Tests\Unit\Repository\DatabaseConfigRepositoryTest" file="C:\Users\prote\Documents\software-devel\ksf_bank_import\tests\unit\Repository\DatabaseConfigRepositoryTest.php" tests="1" assertions="0" errors="1" warnings="0" failures="0" skipped="0" time="0.008290">
      <testcase name="testGetLoadsCacheViaInjectedAdapter" class="Tests\Unit\Repository\DatabaseConfigRepositoryTest" classname="Tests.Unit.Repository.DatabaseConfigRepositoryTest" file="C:\Users\prote\Documents\software-devel\ksf_bank_import\tests\unit\Repository\DatabaseConfigRepositoryTest.php" line="11" assertions="0" time="0.008290">
        <error type="Error">Tests\Unit\Repository\DatabaseConfigRepositoryTest::testGetLoadsCacheViaInjectedAdapter
Error: Class "TestDbResult" not found

C:\Users\prote\Documents\software-devel\ksf_bank_import\tests\unit\Repository\DatabaseConfigRepositoryTest.php:15</error>
      </testcase>
    </testsuite>
    <testsuite name="Tests\Unit\Repository\DatabasePartnerDataRepositoryTest" file="C:\Users\prote\Documents\software-devel\ksf_bank_import\tests\unit\Repository\DatabasePartnerDataRepositoryTest.php" tests="1" assertions="0" errors="1" warnings="0" failures="0" skipped="0" time="0.000559">
      <testcase name="testFindByPartnerUsesInjectedAdapterAndHydratesPartnerData" class="Tests\Unit\Repository\DatabasePartnerDataRepositoryTest" classname="Tests.Unit.Repository.DatabasePartnerDataRepositoryTest" file="C:\Users\prote\Documents\software-devel\ksf_bank_import\tests\unit\Repository\DatabasePartnerDataRepositoryTest.php" line="12" assertions="0" time="0.000559">
        <error type="Error">Tests\Unit\Repository\DatabasePartnerDataRepositoryTest::testFindByPartnerUsesInjectedAdapterAndHydratesPartnerData
Error: Class "TestDbResult" not found

C:\Users\prote\Documents\software-devel\ksf_bank_import\tests\unit\Repository\DatabasePartnerDataRepositoryTest.php:15</error>
      </testcase>
    </testsuite>
    <testsuite name="Tests\Unit\Repository\DatabaseUploadedFileRepositoryTest" file="C:\Users\prote\Documents\software-devel\ksf_bank_import\tests\unit\Repository\DatabaseUploadedFileRepositoryTest.php" tests="2" assertions="0" errors="2" warnings="0" failures="0" skipped="0" time="0.003757">
      <testcase name="testFindByIdUsesInjectedAdapterAndHydratesEntity" class="Tests\Unit\Repository\DatabaseUploadedFileRepositoryTest" classname="Tests.Unit.Repository.DatabaseUploadedFileRepositoryTest" file="C:\Users\prote\Documents\software-devel\ksf_bank_import\tests\unit\Repository\DatabaseUploadedFileRepositoryTest.php" line="12" assertions="0" time="0.000669">
        <error type="Error">Tests\Unit\Repository\DatabaseUploadedFileRepositoryTest::testFindByIdUsesInjectedAdapterAndHydratesEntity
Error: Class "TestDbResult" not found

C:\Users\prote\Documents\software-devel\ksf_bank_import\tests\unit\Repository\DatabaseUploadedFileRepositoryTest.php:16</error>
      </testcase>
      <testcase name="testSaveHandlesNullBankAccountId" class="Tests\Unit\Repository\DatabaseUploadedFileRepositoryTest" classname="Tests.Unit.Repository.DatabaseUploadedFileRepositoryTest" file="C:\Users\prote\Documents\software-devel\ksf_bank_import\tests\unit\Repository\DatabaseUploadedFileRepositoryTest.php" line="69" assertions="0" time="0.003088">
        <error type="Error">Tests\Unit\Repository\DatabaseUploadedFileRepositoryTest::testSaveHandlesNullBankAccountId
Error: Call to undefined function Ksfraser\FaBankImport\Repository\db_num_rows()

C:\Users\prote\Documents\software-devel\ksf_bank_import\src\Ksfraser\FaBankImport\Repository\DatabaseUploadedFileRepository.php:55
C:\Users\prote\Documents\software-devel\ksf_bank_import\src\Ksfraser\FaBankImport\Repository\DatabaseUploadedFileRepository.php:118
C:\Users\prote\Documents\software-devel\ksf_bank_import\tests\unit\Repository\DatabaseUploadedFileRepositoryTest.php:96</error>
      </testcase>
    </testsuite>
    <testsuite name="Ksfraser\Tests\Unit\Repository\StatementRepositoryTest" file="C:\Users\prote\Documents\software-devel\ksf_bank_import\tests\unit\Repository\StatementRepositoryTest.php" tests="45" assertions="62" errors="5" warnings="0" failures="8" skipped="0" time="0.300190">
      <testcase name="testRepositoryImplementsInterface" class="Ksfraser\Tests\Unit\Repository\StatementRepositoryTest" classname="Ksfraser.Tests.Unit.Repository.StatementRepositoryTest" file="C:\Users\prote\Documents\software-devel\ksf_bank_import\tests\unit\Repository\StatementRepositoryTest.php" line="127" assertions="1" time="0.047030"/>
      <testcase name="testRepositoryAcceptsPdoConnection" class="Ksfraser\Tests\Unit\Repository\StatementRepositoryTest" classname="Ksfraser.Tests.Unit.Repository.StatementRepositoryTest" file="C:\Users\prote\Documents\software-devel\ksf_bank_import\tests\unit\Repository\StatementRepositoryTest.php" line="136" assertions="1" time="0.006341"/>
      <testcase name="testSaveNewStatementReturnsId" class="Ksfraser\Tests\Unit\Repository\StatementRepositoryTest" classname="Ksfraser.Tests.Unit.Repository.StatementRepositoryTest" file="C:\Users\prote\Documents\software-devel\ksf_bank_import\tests\unit\Repository\StatementRepositoryTest.php" line="151" assertions="2" time="0.008096"/>
      <testcase name="testSaveStatementPersistsToDatabase" class="Ksfraser\Tests\Unit\Repository\StatementRepositoryTest" classname="Ksfraser.Tests.Unit.Repository.StatementRepositoryTest" file="C:\Users\prote\Documents\software-devel\ksf_bank_import\tests\unit\Repository\StatementRepositoryTest.php" line="173" assertions="2" time="0.005431"/>
      <testcase name="testSaveReturnsIdNotEntity" class="Ksfraser\Tests\Unit\Repository\StatementRepositoryTest" classname="Ksfraser.Tests.Unit.Repository.StatementRepositoryTest" file="C:\Users\prote\Documents\software-devel\ksf_bank_import\tests\unit\Repository\StatementRepositoryTest.php" line="195" assertions="2" time="0.005755"/>
      <testcase name="testSaveThrowsExceptionForMissingBankId" class="Ksfraser\Tests\Unit\Repository\StatementRepositoryTest" classname="Ksfraser.Tests.Unit.Repository.StatementRepositoryTest" file="C:\Users\prote\Documents\software-devel\ksf_bank_import\tests\unit\Repository\StatementRepositoryTest.php" line="217" assertions="1" time="0.005922"/>
      <testcase name="testSaveThrowsExceptionForMissingAcctId" class="Ksfraser\Tests\Unit\Repository\StatementRepositoryTest" classname="Ksfraser.Tests.Unit.Repository.StatementRepositoryTest" file="C:\Users\prote\Documents\software-devel\ksf_bank_import\tests\unit\Repository\StatementRepositoryTest.php" line="236" assertions="1" time="0.005265"/>
      <testcase name="testFindByIdReturnsStatementEntity" class="Ksfraser\Tests\Unit\Repository\StatementRepositoryTest" classname="Ksfraser.Tests.Unit.Repository.StatementRepositoryTest" file="C:\Users\prote\Documents\software-devel\ksf_bank_import\tests\unit\Repository\StatementRepositoryTest.php" line="259" assertions="2" time="0.006031"/>
      <testcase name="testFindByIdThrowsEntityNotFoundExceptionForMissingId" class="Ksfraser\Tests\Unit\Repository\StatementRepositoryTest" classname="Ksfraser.Tests.Unit.Repository.StatementRepositoryTest" file="C:\Users\prote\Documents\software-devel\ksf_bank_import\tests\unit\Repository\StatementRepositoryTest.php" line="271" assertions="1" time="0.006039">
        <failure type="PHPUnit\Framework\ExpectationFailedException">Ksfraser\Tests\Unit\Repository\StatementRepositoryTest::testFindByIdThrowsEntityNotFoundExceptionForMissingId
Failed asserting that exception of type "Ksfraser\FaBankImport\Shared\Exceptions\EntityNotFoundException" is thrown.</failure>
      </testcase>
      <testcase name="testFindByIdReturnsCorrectStatementData" class="Ksfraser\Tests\Unit\Repository\StatementRepositoryTest" classname="Ksfraser.Tests.Unit.Repository.StatementRepositoryTest" file="C:\Users\prote\Documents\software-devel\ksf_bank_import\tests\unit\Repository\StatementRepositoryTest.php" line="281" assertions="2" time="0.006072"/>
      <testcase name="testFindByBankIdReturnsArrayOfStatements" class="Ksfraser\Tests\Unit\Repository\StatementRepositoryTest" classname="Ksfraser.Tests.Unit.Repository.StatementRepositoryTest" file="C:\Users\prote\Documents\software-devel\ksf_bank_import\tests\unit\Repository\StatementRepositoryTest.php" line="297" assertions="1" time="0.005418"/>
      <testcase name="testFindByBankIdReturnsEmptyArrayForNoMatches" class="Ksfraser\Tests\Unit\Repository\StatementRepositoryTest" classname="Ksfraser.Tests.Unit.Repository.StatementRepositoryTest" file="C:\Users\prote\Documents\software-devel\ksf_bank_import\tests\unit\Repository\StatementRepositoryTest.php" line="308" assertions="2" time="0.005518">
        <failure type="PHPUnit\Framework\ExpectationFailedException">Ksfraser\Tests\Unit\Repository\StatementRepositoryTest::testFindByBankIdReturnsEmptyArrayForNoMatches
Failed asserting that an array is empty.

C:\Users\prote\Documents\software-devel\ksf_bank_import\tests\unit\Repository\StatementRepositoryTest.php:313</failure>
      </testcase>
      <testcase name="testFindByBankIdReturnsOnlyMatchingStatements" class="Ksfraser\Tests\Unit\Repository\StatementRepositoryTest" classname="Ksfraser.Tests.Unit.Repository.StatementRepositoryTest" file="C:\Users\prote\Documents\software-devel\ksf_bank_import\tests\unit\Repository\StatementRepositoryTest.php" line="320" assertions="2" time="0.005585"/>
      <testcase name="testFindByAcctIdReturnsStatements" class="Ksfraser\Tests\Unit\Repository\StatementRepositoryTest" classname="Ksfraser.Tests.Unit.Repository.StatementRepositoryTest" file="C:\Users\prote\Documents\software-devel\ksf_bank_import\tests\unit\Repository\StatementRepositoryTest.php" line="338" assertions="1" time="0.006005"/>
      <testcase name="testFindByAcctIdReturnsEmptyArrayForNoMatches" class="Ksfraser\Tests\Unit\Repository\StatementRepositoryTest" classname="Ksfraser.Tests.Unit.Repository.StatementRepositoryTest" file="C:\Users\prote\Documents\software-devel\ksf_bank_import\tests\unit\Repository\StatementRepositoryTest.php" line="349" assertions="2" time="0.005169">
        <failure type="PHPUnit\Framework\ExpectationFailedException">Ksfraser\Tests\Unit\Repository\StatementRepositoryTest::testFindByAcctIdReturnsEmptyArrayForNoMatches
Failed asserting that an array is empty.

C:\Users\prote\Documents\software-devel\ksf_bank_import\tests\unit\Repository\StatementRepositoryTest.php:354</failure>
      </testcase>
      <testcase name="testFindByAcctIdSupportsLimit" class="Ksfraser\Tests\Unit\Repository\StatementRepositoryTest" classname="Ksfraser.Tests.Unit.Repository.StatementRepositoryTest" file="C:\Users\prote\Documents\software-devel\ksf_bank_import\tests\unit\Repository\StatementRepositoryTest.php" line="361" assertions="1" time="0.005531"/>
      <testcase name="testFindByDateRangeReturnsStatements" class="Ksfraser\Tests\Unit\Repository\StatementRepositoryTest" classname="Ksfraser.Tests.Unit.Repository.StatementRepositoryTest" file="C:\Users\prote\Documents\software-devel\ksf_bank_import\tests\unit\Repository\StatementRepositoryTest.php" line="376" assertions="1" time="0.005726"/>
      <testcase name="testFindByDateRangeReturnsEmptyArrayForOutOfRange" class="Ksfraser\Tests\Unit\Repository\StatementRepositoryTest" classname="Ksfraser.Tests.Unit.Repository.StatementRepositoryTest" file="C:\Users\prote\Documents\software-devel\ksf_bank_import\tests\unit\Repository\StatementRepositoryTest.php" line="390" assertions="2" time="0.005269">
        <failure type="PHPUnit\Framework\ExpectationFailedException">Ksfraser\Tests\Unit\Repository\StatementRepositoryTest::testFindByDateRangeReturnsEmptyArrayForOutOfRange
Failed asserting that an array is empty.

C:\Users\prote\Documents\software-devel\ksf_bank_import\tests\unit\Repository\StatementRepositoryTest.php:398</failure>
      </testcase>
      <testcase name="testFindByDateRangeSupportsLimit" class="Ksfraser\Tests\Unit\Repository\StatementRepositoryTest" classname="Ksfraser.Tests.Unit.Repository.StatementRepositoryTest" file="C:\Users\prote\Documents\software-devel\ksf_bank_import\tests\unit\Repository\StatementRepositoryTest.php" line="405" assertions="1" time="0.005493"/>
      <testcase name="testUpdateStatementUpdatesDatabaseRecord" class="Ksfraser\Tests\Unit\Repository\StatementRepositoryTest" classname="Ksfraser.Tests.Unit.Repository.StatementRepositoryTest" file="C:\Users\prote\Documents\software-devel\ksf_bank_import\tests\unit\Repository\StatementRepositoryTest.php" line="424" assertions="2" time="0.005428"/>
      <testcase name="testUpdateReturnsId" class="Ksfraser\Tests\Unit\Repository\StatementRepositoryTest" classname="Ksfraser.Tests.Unit.Repository.StatementRepositoryTest" file="C:\Users\prote\Documents\software-devel\ksf_bank_import\tests\unit\Repository\StatementRepositoryTest.php" line="453" assertions="2" time="0.005342"/>
      <testcase name="testUpdateThrowsExceptionIfTransactionNotFound" class="Ksfraser\Tests\Unit\Repository\StatementRepositoryTest" classname="Ksfraser.Tests.Unit.Repository.StatementRepositoryTest" file="C:\Users\prote\Documents\software-devel\ksf_bank_import\tests\unit\Repository\StatementRepositoryTest.php" line="481" assertions="1" time="0.006029"/>
      <testcase name="testDeleteRemovesStatementFromRepository" class="Ksfraser\Tests\Unit\Repository\StatementRepositoryTest" classname="Ksfraser.Tests.Unit.Repository.StatementRepositoryTest" file="C:\Users\prote\Documents\software-devel\ksf_bank_import\tests\unit\Repository\StatementRepositoryTest.php" line="507" assertions="0" time="0.005264">
        <error type="Ksfraser\FaBankImport\Shared\Exceptions\EntityNotFoundException">Ksfraser\Tests\Unit\Repository\StatementRepositoryTest::testDeleteRemovesStatementFromRepository
Ksfraser\FaBankImport\Shared\Exceptions\EntityNotFoundException: Statement with ID 1 not found

C:\Users\prote\Documents\software-devel\ksf_bank_import\app\Shared\Repositories\StatementRepository.php:295
C:\Users\prote\Documents\software-devel\ksf_bank_import\tests\unit\Repository\StatementRepositoryTest.php:509</error>
      </testcase>
      <testcase name="testDeleteThrowsExceptionIfNotFound" class="Ksfraser\Tests\Unit\Repository\StatementRepositoryTest" classname="Ksfraser.Tests.Unit.Repository.StatementRepositoryTest" file="C:\Users\prote\Documents\software-devel\ksf_bank_import\tests\unit\Repository\StatementRepositoryTest.php" line="519" assertions="1" time="0.005687"/>
      <testcase name="testBulkInsertReturnsArrayOfIds" class="Ksfraser\Tests\Unit\Repository\StatementRepositoryTest" classname="Ksfraser.Tests.Unit.Repository.StatementRepositoryTest" file="C:\Users\prote\Documents\software-devel\ksf_bank_import\tests\unit\Repository\StatementRepositoryTest.php" line="533" assertions="0" time="0.004203">
        <error type="TypeError">Ksfraser\Tests\Unit\Repository\StatementRepositoryTest::testBulkInsertReturnsArrayOfIds
TypeError: Ksfraser\FaBankImport\Shared\Entities\BiStatement::create(): Argument #3 ($statementId) must be of type string, DateTime given, called in C:\Users\prote\Documents\software-devel\ksf_bank_import\tests\unit\Repository\StatementRepositoryTest.php on line 536

C:\Users\prote\Documents\software-devel\ksf_bank_import\src\Ksfraser\FaBankImport\Shared\Entities\BiStatement.php:83
C:\Users\prote\Documents\software-devel\ksf_bank_import\tests\unit\Repository\StatementRepositoryTest.php:536</error>
      </testcase>
      <testcase name="testBulkInsertEmptyArrayReturnsEmpty" class="Ksfraser\Tests\Unit\Repository\StatementRepositoryTest" classname="Ksfraser.Tests.Unit.Repository.StatementRepositoryTest" file="C:\Users\prote\Documents\software-devel\ksf_bank_import\tests\unit\Repository\StatementRepositoryTest.php" line="550" assertions="2" time="0.004866"/>
      <testcase name="testBulkInsertRollsBackOnError" class="Ksfraser\Tests\Unit\Repository\StatementRepositoryTest" classname="Ksfraser.Tests.Unit.Repository.StatementRepositoryTest" file="C:\Users\prote\Documents\software-devel\ksf_bank_import\tests\unit\Repository\StatementRepositoryTest.php" line="562" assertions="1" time="0.006646">
        <failure type="PHPUnit\Framework\ExpectationFailedException">Ksfraser\Tests\Unit\Repository\StatementRepositoryTest::testBulkInsertRollsBackOnError
Failed asserting that exception of type "TypeError" matches expected exception "Ksfraser\FaBankImport\Shared\Exceptions\RepositoryException". Message was: "Ksfraser\FaBankImport\Shared\Entities\BiStatement::create(): Argument #3 ($statementId) must be of type string, DateTime given, called in C:\Users\prote\Documents\software-devel\ksf_bank_import\tests\unit\Repository\StatementRepositoryTest.php on line 569" at
C:\Users\prote\Documents\software-devel\ksf_bank_import\src\Ksfraser\FaBankImport\Shared\Entities\BiStatement.php:83
C:\Users\prote\Documents\software-devel\ksf_bank_import\tests\unit\Repository\StatementRepositoryTest.php:569
.</failure>
      </testcase>
      <testcase name="testFindByStatusReturnsFilteredStatements" class="Ksfraser\Tests\Unit\Repository\StatementRepositoryTest" classname="Ksfraser.Tests.Unit.Repository.StatementRepositoryTest" file="C:\Users\prote\Documents\software-devel\ksf_bank_import\tests\unit\Repository\StatementRepositoryTest.php" line="583" assertions="1" time="0.005338"/>
      <testcase name="testFindByStatusOnlyReturnsMatchingStatus" class="Ksfraser\Tests\Unit\Repository\StatementRepositoryTest" classname="Ksfraser.Tests.Unit.Repository.StatementRepositoryTest" file="C:\Users\prote\Documents\software-devel\ksf_bank_import\tests\unit\Repository\StatementRepositoryTest.php" line="594" assertions="1" time="0.005350">
        <error type="Error">Ksfraser\Tests\Unit\Repository\StatementRepositoryTest::testFindByStatusOnlyReturnsMatchingStatus
Error: Call to undefined method Ksfraser\FaBankImport\Shared\Entities\BiStatement::getStatus()

C:\Users\prote\Documents\software-devel\ksf_bank_import\tests\unit\Repository\StatementRepositoryTest.php:600</error>
      </testcase>
      <testcase name="testFindUnprocessedReturnsStatements" class="Ksfraser\Tests\Unit\Repository\StatementRepositoryTest" classname="Ksfraser.Tests.Unit.Repository.StatementRepositoryTest" file="C:\Users\prote\Documents\software-devel\ksf_bank_import\tests\unit\Repository\StatementRepositoryTest.php" line="608" assertions="1" time="0.006109"/>
      <testcase name="testFindProcessedReturnsStatements" class="Ksfraser\Tests\Unit\Repository\StatementRepositoryTest" classname="Ksfraser.Tests.Unit.Repository.StatementRepositoryTest" file="C:\Users\prote\Documents\software-devel\ksf_bank_import\tests\unit\Repository\StatementRepositoryTest.php" line="619" assertions="1" time="0.005419"/>
      <testcase name="testCountReturnsIntegerCount" class="Ksfraser\Tests\Unit\Repository\StatementRepositoryTest" classname="Ksfraser.Tests.Unit.Repository.StatementRepositoryTest" file="C:\Users\prote\Documents\software-devel\ksf_bank_import\tests\unit\Repository\StatementRepositoryTest.php" line="634" assertions="3" time="0.006643"/>
      <testcase name="testCountByStatusReturnsCount" class="Ksfraser\Tests\Unit\Repository\StatementRepositoryTest" classname="Ksfraser.Tests.Unit.Repository.StatementRepositoryTest" file="C:\Users\prote\Documents\software-devel\ksf_bank_import\tests\unit\Repository\StatementRepositoryTest.php" line="646" assertions="3" time="0.005662"/>
      <testcase name="testFindByIdThrowsRepositoryExceptionOnDatabaseError" class="Ksfraser\Tests\Unit\Repository\StatementRepositoryTest" classname="Ksfraser.Tests.Unit.Repository.StatementRepositoryTest" file="C:\Users\prote\Documents\software-devel\ksf_bank_import\tests\unit\Repository\StatementRepositoryTest.php" line="662" assertions="1" time="0.005745">
        <failure type="PHPUnit\Framework\ExpectationFailedException">Ksfraser\Tests\Unit\Repository\StatementRepositoryTest::testFindByIdThrowsRepositoryExceptionOnDatabaseError
Failed asserting that exception of type "Ksfraser\FaBankImport\Shared\Exceptions\RepositoryException" is thrown.</failure>
      </testcase>
      <testcase name="testSaveThrowsRepositoryExceptionOnDatabaseError" class="Ksfraser\Tests\Unit\Repository\StatementRepositoryTest" classname="Ksfraser.Tests.Unit.Repository.StatementRepositoryTest" file="C:\Users\prote\Documents\software-devel\ksf_bank_import\tests\unit\Repository\StatementRepositoryTest.php" line="673" assertions="1" time="0.006331">
        <failure type="PHPUnit\Framework\ExpectationFailedException">Ksfraser\Tests\Unit\Repository\StatementRepositoryTest::testSaveThrowsRepositoryExceptionOnDatabaseError
Failed asserting that exception of type "TypeError" matches expected exception "Ksfraser\FaBankImport\Shared\Exceptions\RepositoryException". Message was: "Ksfraser\FaBankImport\Shared\Entities\BiStatement::create(): Argument #3 ($statementId) must be of type string, DateTime given, called in C:\Users\prote\Documents\software-devel\ksf_bank_import\tests\unit\Repository\StatementRepositoryTest.php on line 677" at
C:\Users\prote\Documents\software-devel\ksf_bank_import\src\Ksfraser\FaBankImport\Shared\Entities\BiStatement.php:83
C:\Users\prote\Documents\software-devel\ksf_bank_import\tests\unit\Repository\StatementRepositoryTest.php:677
.</failure>
      </testcase>
      <testcase name="testUpdateThrowsRepositoryExceptionOnDatabaseError" class="Ksfraser\Tests\Unit\Repository\StatementRepositoryTest" classname="Ksfraser.Tests.Unit.Repository.StatementRepositoryTest" file="C:\Users\prote\Documents\software-devel\ksf_bank_import\tests\unit\Repository\StatementRepositoryTest.php" line="685" assertions="1" time="0.006413">
        <failure type="PHPUnit\Framework\ExpectationFailedException">Ksfraser\Tests\Unit\Repository\StatementRepositoryTest::testUpdateThrowsRepositoryExceptionOnDatabaseError
Failed asserting that exception of type "TypeError" matches expected exception "Ksfraser\FaBankImport\Shared\Exceptions\RepositoryException". Message was: "Ksfraser\FaBankImport\Shared\Entities\BiStatement::create(): Argument #3 ($statementId) must be of type string, DateTime given, called in C:\Users\prote\Documents\software-devel\ksf_bank_import\tests\unit\Repository\StatementRepositoryTest.php on line 689" at
C:\Users\prote\Documents\software-devel\ksf_bank_import\src\Ksfraser\FaBankImport\Shared\Entities\BiStatement.php:83
C:\Users\prote\Documents\software-devel\ksf_bank_import\tests\unit\Repository\StatementRepositoryTest.php:689
.</failure>
      </testcase>
      <testcase name="testFindByDateRangeCompletesBelowThreshold" class="Ksfraser\Tests\Unit\Repository\StatementRepositoryTest" classname="Ksfraser.Tests.Unit.Repository.StatementRepositoryTest" file="C:\Users\prote\Documents\software-devel\ksf_bank_import\tests\unit\Repository\StatementRepositoryTest.php" line="706" assertions="1" time="0.005984"/>
      <testcase name="testBulkInsertCompletesBelowThreshold" class="Ksfraser\Tests\Unit\Repository\StatementRepositoryTest" classname="Ksfraser.Tests.Unit.Repository.StatementRepositoryTest" file="C:\Users\prote\Documents\software-devel\ksf_bank_import\tests\unit\Repository\StatementRepositoryTest.php" line="721" assertions="0" time="0.004589">
        <error type="TypeError">Ksfraser\Tests\Unit\Repository\StatementRepositoryTest::testBulkInsertCompletesBelowThreshold
TypeError: Ksfraser\FaBankImport\Shared\Entities\BiStatement::create(): Argument #3 ($statementId) must be of type string, DateTime given, called in C:\Users\prote\Documents\software-devel\ksf_bank_import\tests\unit\Repository\StatementRepositoryTest.php on line 724

C:\Users\prote\Documents\software-devel\ksf_bank_import\src\Ksfraser\FaBankImport\Shared\Entities\BiStatement.php:83
C:\Users\prote\Documents\software-devel\ksf_bank_import\tests\unit\Repository\StatementRepositoryTest.php:724
C:\Users\prote\Documents\software-devel\ksf_bank_import\tests\unit\Repository\StatementRepositoryTest.php:723</error>
      </testcase>
      <testcase name="testFindByFilterCombinesMultipleCriteria" class="Ksfraser\Tests\Unit\Repository\StatementRepositoryTest" classname="Ksfraser.Tests.Unit.Repository.StatementRepositoryTest" file="C:\Users\prote\Documents\software-devel\ksf_bank_import\tests\unit\Repository\StatementRepositoryTest.php" line="745" assertions="1" time="0.005587"/>
      <testcase name="testFindWithPaginationOffsetsCorrectly" class="Ksfraser\Tests\Unit\Repository\StatementRepositoryTest" classname="Ksfraser.Tests.Unit.Repository.StatementRepositoryTest" file="C:\Users\prote\Documents\software-devel\ksf_bank_import\tests\unit\Repository\StatementRepositoryTest.php" line="756" assertions="2" time="0.006303"/>
      <testcase name="testFindByDateRangeSortsResultsCorrectly" class="Ksfraser\Tests\Unit\Repository\StatementRepositoryTest" classname="Ksfraser.Tests.Unit.Repository.StatementRepositoryTest" file="C:\Users\prote\Documents\software-devel\ksf_bank_import\tests\unit\Repository\StatementRepositoryTest.php" line="769" assertions="1" time="0.005710"/>
      <testcase name="testRoundTripCreateReadVerify" class="Ksfraser\Tests\Unit\Repository\StatementRepositoryTest" classname="Ksfraser.Tests.Unit.Repository.StatementRepositoryTest" file="C:\Users\prote\Documents\software-devel\ksf_bank_import\tests\unit\Repository\StatementRepositoryTest.php" line="785" assertions="2" time="0.006387"/>
      <testcase name="testUpdatePreservesImmutabilityViaNewEntity" class="Ksfraser\Tests\Unit\Repository\StatementRepositoryTest" classname="Ksfraser.Tests.Unit.Repository.StatementRepositoryTest" file="C:\Users\prote\Documents\software-devel\ksf_bank_import\tests\unit\Repository\StatementRepositoryTest.php" line="812" assertions="0" time="0.004498">
        <error type="TypeError">Ksfraser\Tests\Unit\Repository\StatementRepositoryTest::testUpdatePreservesImmutabilityViaNewEntity
TypeError: Ksfraser\FaBankImport\Shared\Entities\BiStatement::create(): Argument #3 ($statementId) must be of type string, DateTime given, called in C:\Users\prote\Documents\software-devel\ksf_bank_import\tests\unit\Repository\StatementRepositoryTest.php on line 818

C:\Users\prote\Documents\software-devel\ksf_bank_import\src\Ksfraser\FaBankImport\Shared\Entities\BiStatement.php:83
C:\Users\prote\Documents\software-devel\ksf_bank_import\tests\unit\Repository\StatementRepositoryTest.php:818</error>
      </testcase>
      <testcase name="testStatementFieldsCorrectlyMapped" class="Ksfraser\Tests\Unit\Repository\StatementRepositoryTest" classname="Ksfraser.Tests.Unit.Repository.StatementRepositoryTest" file="C:\Users\prote\Documents\software-devel\ksf_bank_import\tests\unit\Repository\StatementRepositoryTest.php" line="834" assertions="3" time="0.006700"/>
      <testcase name="testBankAccountMappingPreservesIntegrity" class="Ksfraser\Tests\Unit\Repository\StatementRepositoryTest" classname="Ksfraser.Tests.Unit.Repository.StatementRepositoryTest" file="C:\Users\prote\Documents\software-devel\ksf_bank_import\tests\unit\Repository\StatementRepositoryTest.php" line="847" assertions="2" time="0.006263"/>
    </testsuite>
    <testsuite name="Ksfraser\Tests\Unit\Repository\TransactionRepositorySimpleTest" file="C:\Users\prote\Documents\software-devel\ksf_bank_import\tests\unit\Repository\TransactionRepositorySimpleTest.php" tests="1" assertions="3" errors="0" warnings="0" failures="0" skipped="0" time="0.007916">
      <testcase name="testMockPdoPrepareReturnsStatement" class="Ksfraser\Tests\Unit\Repository\TransactionRepositorySimpleTest" classname="Ksfraser.Tests.Unit.Repository.TransactionRepositorySimpleTest" file="C:\Users\prote\Documents\software-devel\ksf_bank_import\tests\unit\Repository\TransactionRepositorySimpleTest.php" line="16" assertions="3" time="0.007916"/>
    </testsuite>
    <testsuite name="Ksfraser\Tests\Unit\Repository\TransactionRepositoryTest" file="C:\Users\prote\Documents\software-devel\ksf_bank_import\tests\unit\Repository\TransactionRepositoryTest.php" tests="40" assertions="44" errors="10" warnings="0" failures="9" skipped="3" time="0.290751">
      <testcase name="testRepositoryImplementsInterface" class="Ksfraser\Tests\Unit\Repository\TransactionRepositoryTest" classname="Ksfraser.Tests.Unit.Repository.TransactionRepositoryTest" file="C:\Users\prote\Documents\software-devel\ksf_bank_import\tests\unit\Repository\TransactionRepositoryTest.php" line="94" assertions="1" time="0.006509"/>
      <testcase name="testRepositoryAcceptsPdoConnection" class="Ksfraser\Tests\Unit\Repository\TransactionRepositoryTest" classname="Ksfraser.Tests.Unit.Repository.TransactionRepositoryTest" file="C:\Users\prote\Documents\software-devel\ksf_bank_import\tests\unit\Repository\TransactionRepositoryTest.php" line="103" assertions="1" time="0.007488"/>
      <testcase name="testSaveNewTransactionReturnsEntityWithId" class="Ksfraser\Tests\Unit\Repository\TransactionRepositoryTest" classname="Ksfraser.Tests.Unit.Repository.TransactionRepositoryTest" file="C:\Users\prote\Documents\software-devel\ksf_bank_import\tests\unit\Repository\TransactionRepositoryTest.php" line="118" assertions="2" time="0.007370"/>
      <testcase name="testSaveTransactionPersistsToDatabase" class="Ksfraser\Tests\Unit\Repository\TransactionRepositoryTest" classname="Ksfraser.Tests.Unit.Repository.TransactionRepositoryTest" file="C:\Users\prote\Documents\software-devel\ksf_bank_import\tests\unit\Repository\TransactionRepositoryTest.php" line="138" assertions="2" time="0.007558"/>
      <testcase name="testSaveReturnsIdNotEntity" class="Ksfraser\Tests\Unit\Repository\TransactionRepositoryTest" classname="Ksfraser.Tests.Unit.Repository.TransactionRepositoryTest" file="C:\Users\prote\Documents\software-devel\ksf_bank_import\tests\unit\Repository\TransactionRepositoryTest.php" line="159" assertions="2" time="0.007619"/>
      <testcase name="testSaveThrowsExceptionForMissingFitId" class="Ksfraser\Tests\Unit\Repository\TransactionRepositoryTest" classname="Ksfraser.Tests.Unit.Repository.TransactionRepositoryTest" file="C:\Users\prote\Documents\software-devel\ksf_bank_import\tests\unit\Repository\TransactionRepositoryTest.php" line="181" assertions="1" time="0.007019"/>
      <testcase name="testSaveThrowsExceptionForMissingAcctId" class="Ksfraser\Tests\Unit\Repository\TransactionRepositoryTest" classname="Ksfraser.Tests.Unit.Repository.TransactionRepositoryTest" file="C:\Users\prote\Documents\software-devel\ksf_bank_import\tests\unit\Repository\TransactionRepositoryTest.php" line="199" assertions="1" time="0.006884"/>
      <testcase name="testFindByIdReturnsTransactionEntity" class="Ksfraser\Tests\Unit\Repository\TransactionRepositoryTest" classname="Ksfraser.Tests.Unit.Repository.TransactionRepositoryTest" file="C:\Users\prote\Documents\software-devel\ksf_bank_import\tests\unit\Repository\TransactionRepositoryTest.php" line="220" assertions="2" time="0.007305"/>
      <testcase name="testFindByIdThrowsEntityNotFoundExceptionForMissingId" class="Ksfraser\Tests\Unit\Repository\TransactionRepositoryTest" classname="Ksfraser.Tests.Unit.Repository.TransactionRepositoryTest" file="C:\Users\prote\Documents\software-devel\ksf_bank_import\tests\unit\Repository\TransactionRepositoryTest.php" line="232" assertions="1" time="0.007267">
        <failure type="PHPUnit\Framework\ExpectationFailedException">Ksfraser\Tests\Unit\Repository\TransactionRepositoryTest::testFindByIdThrowsEntityNotFoundExceptionForMissingId
Failed asserting that exception of type "Ksfraser\FaBankImport\Shared\Exceptions\EntityNotFoundException" is thrown.</failure>
      </testcase>
      <testcase name="testFindByIdReturnsCorrectTransactionData" class="Ksfraser\Tests\Unit\Repository\TransactionRepositoryTest" classname="Ksfraser.Tests.Unit.Repository.TransactionRepositoryTest" file="C:\Users\prote\Documents\software-devel\ksf_bank_import\tests\unit\Repository\TransactionRepositoryTest.php" line="242" assertions="2" time="0.008214"/>
      <testcase name="testFindByCodeReturnsArrayOfTransactions" class="Ksfraser\Tests\Unit\Repository\TransactionRepositoryTest" classname="Ksfraser.Tests.Unit.Repository.TransactionRepositoryTest" file="C:\Users\prote\Documents\software-devel\ksf_bank_import\tests\unit\Repository\TransactionRepositoryTest.php" line="258" assertions="1" time="0.006909"/>
      <testcase name="testFindByCodeReturnsEmptyArrayForNoMatches" class="Ksfraser\Tests\Unit\Repository\TransactionRepositoryTest" classname="Ksfraser.Tests.Unit.Repository.TransactionRepositoryTest" file="C:\Users\prote\Documents\software-devel\ksf_bank_import\tests\unit\Repository\TransactionRepositoryTest.php" line="269" assertions="2" time="0.007091">
        <failure type="PHPUnit\Framework\ExpectationFailedException">Ksfraser\Tests\Unit\Repository\TransactionRepositoryTest::testFindByCodeReturnsEmptyArrayForNoMatches
Failed asserting that an array is empty.

C:\Users\prote\Documents\software-devel\ksf_bank_import\tests\unit\Repository\TransactionRepositoryTest.php:274</failure>
      </testcase>
      <testcase name="testFindByCodeReturnsOnlyMatchingTransactions" class="Ksfraser\Tests\Unit\Repository\TransactionRepositoryTest" classname="Ksfraser.Tests.Unit.Repository.TransactionRepositoryTest" file="C:\Users\prote\Documents\software-devel\ksf_bank_import\tests\unit\Repository\TransactionRepositoryTest.php" line="281" assertions="2" time="0.007645"/>
      <testcase name="testFindByStatementReturnsTransactionsForStatement" class="Ksfraser\Tests\Unit\Repository\TransactionRepositoryTest" classname="Ksfraser.Tests.Unit.Repository.TransactionRepositoryTest" file="C:\Users\prote\Documents\software-devel\ksf_bank_import\tests\unit\Repository\TransactionRepositoryTest.php" line="299" assertions="0" time="0.006214">
        <error type="Error">Ksfraser\Tests\Unit\Repository\TransactionRepositoryTest::testFindByStatementReturnsTransactionsForStatement
Error: Call to undefined method Ksfraser\FaBankImport\Shared\Repositories\TransactionRepository::findByStatement()

C:\Users\prote\Documents\software-devel\ksf_bank_import\tests\unit\Repository\TransactionRepositoryTest.php:301</error>
      </testcase>
      <testcase name="testFindByStatementReturnsOnlyTransactionsFromStatement" class="Ksfraser\Tests\Unit\Repository\TransactionRepositoryTest" classname="Ksfraser.Tests.Unit.Repository.TransactionRepositoryTest" file="C:\Users\prote\Documents\software-devel\ksf_bank_import\tests\unit\Repository\TransactionRepositoryTest.php" line="310" assertions="0" time="0.005860">
        <error type="Error">Ksfraser\Tests\Unit\Repository\TransactionRepositoryTest::testFindByStatementReturnsOnlyTransactionsFromStatement
Error: Call to undefined method Ksfraser\FaBankImport\Shared\Repositories\TransactionRepository::findByStatement()

C:\Users\prote\Documents\software-devel\ksf_bank_import\tests\unit\Repository\TransactionRepositoryTest.php:312</error>
      </testcase>
      <testcase name="testFindByStatementReturnsEmptyForNoTransactions" class="Ksfraser\Tests\Unit\Repository\TransactionRepositoryTest" classname="Ksfraser.Tests.Unit.Repository.TransactionRepositoryTest" file="C:\Users\prote\Documents\software-devel\ksf_bank_import\tests\unit\Repository\TransactionRepositoryTest.php" line="324" assertions="0" time="0.005687">
        <error type="Error">Ksfraser\Tests\Unit\Repository\TransactionRepositoryTest::testFindByStatementReturnsEmptyForNoTransactions
Error: Call to undefined method Ksfraser\FaBankImport\Shared\Repositories\TransactionRepository::findByStatement()

C:\Users\prote\Documents\software-devel\ksf_bank_import\tests\unit\Repository\TransactionRepositoryTest.php:326</error>
      </testcase>
      <testcase name="testFindByStatusReturnsTransactionsWithStatus" class="Ksfraser\Tests\Unit\Repository\TransactionRepositoryTest" classname="Ksfraser.Tests.Unit.Repository.TransactionRepositoryTest" file="C:\Users\prote\Documents\software-devel\ksf_bank_import\tests\unit\Repository\TransactionRepositoryTest.php" line="340" assertions="1" time="0.008103"/>
      <testcase name="testFindByStatusReturnsOnlyMatchingStatus" class="Ksfraser\Tests\Unit\Repository\TransactionRepositoryTest" classname="Ksfraser.Tests.Unit.Repository.TransactionRepositoryTest" file="C:\Users\prote\Documents\software-devel\ksf_bank_import\tests\unit\Repository\TransactionRepositoryTest.php" line="351" assertions="2" time="0.008108">
        <failure type="PHPUnit\Framework\ExpectationFailedException">Ksfraser\Tests\Unit\Repository\TransactionRepositoryTest::testFindByStatusReturnsOnlyMatchingStatus
Failed asserting that 0 matches expected 1.

C:\Users\prote\Documents\software-devel\ksf_bank_import\tests\unit\Repository\TransactionRepositoryTest.php:357</failure>
      </testcase>
      <testcase name="testUpdateTransactionReturnsUpdatedEntity" class="Ksfraser\Tests\Unit\Repository\TransactionRepositoryTest" classname="Ksfraser.Tests.Unit.Repository.TransactionRepositoryTest" file="C:\Users\prote\Documents\software-devel\ksf_bank_import\tests\unit\Repository\TransactionRepositoryTest.php" line="369" assertions="1" time="0.007017"/>
      <testcase name="testUpdatePreservesImmutability" class="Ksfraser\Tests\Unit\Repository\TransactionRepositoryTest" classname="Ksfraser.Tests.Unit.Repository.TransactionRepositoryTest" file="C:\Users\prote\Documents\software-devel\ksf_bank_import\tests\unit\Repository\TransactionRepositoryTest.php" line="383" assertions="1" time="0.008522"/>
      <testcase name="testUpdateThrowsExceptionIfTransactionNotFound" class="Ksfraser\Tests\Unit\Repository\TransactionRepositoryTest" classname="Ksfraser.Tests.Unit.Repository.TransactionRepositoryTest" file="C:\Users\prote\Documents\software-devel\ksf_bank_import\tests\unit\Repository\TransactionRepositoryTest.php" line="395" assertions="1" time="0.007988">
        <failure type="PHPUnit\Framework\ExpectationFailedException">Ksfraser\Tests\Unit\Repository\TransactionRepositoryTest::testUpdateThrowsExceptionIfTransactionNotFound
Failed asserting that exception of type "Ksfraser\FaBankImport\Shared\Exceptions\InvalidTransactionException" matches expected exception "Ksfraser\FaBankImport\Shared\Exceptions\EntityNotFoundException". Message was: "Cannot update transaction without ID" at
C:\Users\prote\Documents\software-devel\ksf_bank_import\app\Shared\Repositories\TransactionRepository.php:278
C:\Users\prote\Documents\software-devel\ksf_bank_import\tests\unit\Repository\TransactionRepositoryTest.php:407
.</failure>
      </testcase>
      <testcase name="testBulkInsertReturnsArrayOfSavedEntities" class="Ksfraser\Tests\Unit\Repository\TransactionRepositoryTest" classname="Ksfraser.Tests.Unit.Repository.TransactionRepositoryTest" file="C:\Users\prote\Documents\software-devel\ksf_bank_import\tests\unit\Repository\TransactionRepositoryTest.php" line="418" assertions="3" time="0.010392">
        <failure type="PHPUnit\Framework\ExpectationFailedException">Ksfraser\Tests\Unit\Repository\TransactionRepositoryTest::testBulkInsertReturnsArrayOfSavedEntities
Failed asserting that 1 is an instance of class "Ksfraser\FaBankImport\Shared\Entities\BiTransaction".

C:\Users\prote\Documents\software-devel\ksf_bank_import\tests\unit\Repository\TransactionRepositoryTest.php:432</failure>
      </testcase>
      <testcase name="testBulkInsertEmptyArrayReturnsEmptyArray" class="Ksfraser\Tests\Unit\Repository\TransactionRepositoryTest" classname="Ksfraser.Tests.Unit.Repository.TransactionRepositoryTest" file="C:\Users\prote\Documents\software-devel\ksf_bank_import\tests\unit\Repository\TransactionRepositoryTest.php" line="441" assertions="2" time="0.007418"/>
      <testcase name="testBulkInsertRollsBackOnSingleFailure" class="Ksfraser\Tests\Unit\Repository\TransactionRepositoryTest" classname="Ksfraser.Tests.Unit.Repository.TransactionRepositoryTest" file="C:\Users\prote\Documents\software-devel\ksf_bank_import\tests\unit\Repository\TransactionRepositoryTest.php" line="453" assertions="0" time="0.006886">
        <skipped/>
      </testcase>
      <testcase name="testBulkUpdateReturnsCountOfUpdated" class="Ksfraser\Tests\Unit\Repository\TransactionRepositoryTest" classname="Ksfraser.Tests.Unit.Repository.TransactionRepositoryTest" file="C:\Users\prote\Documents\software-devel\ksf_bank_import\tests\unit\Repository\TransactionRepositoryTest.php" line="467" assertions="1" time="0.008305"/>
      <testcase name="testDeleteRemovesTransactionFromRepository" class="Ksfraser\Tests\Unit\Repository\TransactionRepositoryTest" classname="Ksfraser.Tests.Unit.Repository.TransactionRepositoryTest" file="C:\Users\prote\Documents\software-devel\ksf_bank_import\tests\unit\Repository\TransactionRepositoryTest.php" line="486" assertions="1" time="0.008823">
        <failure type="PHPUnit\Framework\ExpectationFailedException">Ksfraser\Tests\Unit\Repository\TransactionRepositoryTest::testDeleteRemovesTransactionFromRepository
Failed asserting that exception of type "Ksfraser\FaBankImport\Shared\Exceptions\EntityNotFoundException" is thrown.</failure>
      </testcase>
      <testcase name="testDeleteByIdThrowsExceptionForNonexistentId" class="Ksfraser\Tests\Unit\Repository\TransactionRepositoryTest" classname="Ksfraser.Tests.Unit.Repository.TransactionRepositoryTest" file="C:\Users\prote\Documents\software-devel\ksf_bank_import\tests\unit\Repository\TransactionRepositoryTest.php" line="500" assertions="1" time="0.007291">
        <failure type="PHPUnit\Framework\ExpectationFailedException">Ksfraser\Tests\Unit\Repository\TransactionRepositoryTest::testDeleteByIdThrowsExceptionForNonexistentId
Failed asserting that exception of type "Ksfraser\FaBankImport\Shared\Exceptions\EntityNotFoundException" is thrown.</failure>
      </testcase>
      <testcase name="testBulkDeleteRemovesMultipleTransactions" class="Ksfraser\Tests\Unit\Repository\TransactionRepositoryTest" classname="Ksfraser.Tests.Unit.Repository.TransactionRepositoryTest" file="C:\Users\prote\Documents\software-devel\ksf_bank_import\tests\unit\Repository\TransactionRepositoryTest.php" line="514" assertions="2" time="0.007806">
        <failure type="PHPUnit\Framework\ExpectationFailedException">Ksfraser\Tests\Unit\Repository\TransactionRepositoryTest::testBulkDeleteRemovesMultipleTransactions
Failed asserting that 0 matches expected 3.

C:\Users\prote\Documents\software-devel\ksf_bank_import\tests\unit\Repository\TransactionRepositoryTest.php:521</failure>
      </testcase>
      <testcase name="testRepositoryThrowsEntityNotFoundExceptionForMissingEntity" class="Ksfraser\Tests\Unit\Repository\TransactionRepositoryTest" classname="Ksfraser.Tests.Unit.Repository.TransactionRepositoryTest" file="C:\Users\prote\Documents\software-devel\ksf_bank_import\tests\unit\Repository\TransactionRepositoryTest.php" line="532" assertions="1" time="0.008512">
        <failure type="PHPUnit\Framework\ExpectationFailedException">Ksfraser\Tests\Unit\Repository\TransactionRepositoryTest::testRepositoryThrowsEntityNotFoundExceptionForMissingEntity
Failed asserting that exception of type "Ksfraser\FaBankImport\Shared\Exceptions\EntityNotFoundException" is thrown.</failure>
      </testcase>
      <testcase name="testRepositoryThrowsDuplicateEntityExceptionForDuplicateInsert" class="Ksfraser\Tests\Unit\Repository\TransactionRepositoryTest" classname="Ksfraser.Tests.Unit.Repository.TransactionRepositoryTest" file="C:\Users\prote\Documents\software-devel\ksf_bank_import\tests\unit\Repository\TransactionRepositoryTest.php" line="542" assertions="0" time="0.006528">
        <skipped/>
      </testcase>
      <testcase name="testRepositoryThrowsRepositoryExceptionForDatabaseErrors" class="Ksfraser\Tests\Unit\Repository\TransactionRepositoryTest" classname="Ksfraser.Tests.Unit.Repository.TransactionRepositoryTest" file="C:\Users\prote\Documents\software-devel\ksf_bank_import\tests\unit\Repository\TransactionRepositoryTest.php" line="552" assertions="0" time="0.005818">
        <skipped/>
      </testcase>
      <testcase name="testFindWithLimitReturnsLimitedResults" class="Ksfraser\Tests\Unit\Repository\TransactionRepositoryTest" classname="Ksfraser.Tests.Unit.Repository.TransactionRepositoryTest" file="C:\Users\prote\Documents\software-devel\ksf_bank_import\tests\unit\Repository\TransactionRepositoryTest.php" line="565" assertions="0" time="0.006491">
        <error type="Error">Ksfraser\Tests\Unit\Repository\TransactionRepositoryTest::testFindWithLimitReturnsLimitedResults
Error: Call to undefined method Ksfraser\FaBankImport\Shared\Repositories\TransactionRepository::findByStatement()

C:\Users\prote\Documents\software-devel\ksf_bank_import\tests\unit\Repository\TransactionRepositoryTest.php:567</error>
      </testcase>
      <testcase name="testFindWithOffsetSkipsRecords" class="Ksfraser\Tests\Unit\Repository\TransactionRepositoryTest" classname="Ksfraser.Tests.Unit.Repository.TransactionRepositoryTest" file="C:\Users\prote\Documents\software-devel\ksf_bank_import\tests\unit\Repository\TransactionRepositoryTest.php" line="577" assertions="0" time="0.006610">
        <error type="Error">Ksfraser\Tests\Unit\Repository\TransactionRepositoryTest::testFindWithOffsetSkipsRecords
Error: Call to undefined method Ksfraser\FaBankImport\Shared\Repositories\TransactionRepository::findByStatement()

C:\Users\prote\Documents\software-devel\ksf_bank_import\tests\unit\Repository\TransactionRepositoryTest.php:579</error>
      </testcase>
      <testcase name="testFindWithOrderByReturnsOrderedResults" class="Ksfraser\Tests\Unit\Repository\TransactionRepositoryTest" classname="Ksfraser.Tests.Unit.Repository.TransactionRepositoryTest" file="C:\Users\prote\Documents\software-devel\ksf_bank_import\tests\unit\Repository\TransactionRepositoryTest.php" line="590" assertions="0" time="0.006211">
        <error type="Error">Ksfraser\Tests\Unit\Repository\TransactionRepositoryTest::testFindWithOrderByReturnsOrderedResults
Error: Call to undefined method Ksfraser\FaBankImport\Shared\Repositories\TransactionRepository::findByStatement()

C:\Users\prote\Documents\software-devel\ksf_bank_import\tests\unit\Repository\TransactionRepositoryTest.php:592</error>
      </testcase>
      <testcase name="testCountByStatusReturnsInteger" class="Ksfraser\Tests\Unit\Repository\TransactionRepositoryTest" classname="Ksfraser.Tests.Unit.Repository.TransactionRepositoryTest" file="C:\Users\prote\Documents\software-devel\ksf_bank_import\tests\unit\Repository\TransactionRepositoryTest.php" line="611" assertions="0" time="0.006075">
        <error type="Error">Ksfraser\Tests\Unit\Repository\TransactionRepositoryTest::testCountByStatusReturnsInteger
Error: Call to undefined method Ksfraser\FaBankImport\Shared\Repositories\TransactionRepository::countByStatus()

C:\Users\prote\Documents\software-devel\ksf_bank_import\tests\unit\Repository\TransactionRepositoryTest.php:613</error>
      </testcase>
      <testcase name="testExistsReturnsBoolean" class="Ksfraser\Tests\Unit\Repository\TransactionRepositoryTest" classname="Ksfraser.Tests.Unit.Repository.TransactionRepositoryTest" file="C:\Users\prote\Documents\software-devel\ksf_bank_import\tests\unit\Repository\TransactionRepositoryTest.php" line="623" assertions="0" time="0.006135">
        <error type="Error">Ksfraser\Tests\Unit\Repository\TransactionRepositoryTest::testExistsReturnsBoolean
Error: Call to undefined method Ksfraser\FaBankImport\Shared\Repositories\TransactionRepository::exists()

C:\Users\prote\Documents\software-devel\ksf_bank_import\tests\unit\Repository\TransactionRepositoryTest.php:625</error>
      </testcase>
      <testcase name="testFindByDateRangeReturnsTransactionsInRange" class="Ksfraser\Tests\Unit\Repository\TransactionRepositoryTest" classname="Ksfraser.Tests.Unit.Repository.TransactionRepositoryTest" file="C:\Users\prote\Documents\software-devel\ksf_bank_import\tests\unit\Repository\TransactionRepositoryTest.php" line="638" assertions="0" time="0.006423">
        <error type="TypeError">Ksfraser\Tests\Unit\Repository\TransactionRepositoryTest::testFindByDateRangeReturnsTransactionsInRange
TypeError: Ksfraser\FaBankImport\Shared\Repositories\TransactionRepository::findByDateRange(): Argument #1 ($startDate) must be of type string, DateTime given, called in C:\Users\prote\Documents\software-devel\ksf_bank_import\tests\unit\Repository\TransactionRepositoryTest.php on line 643

C:\Users\prote\Documents\software-devel\ksf_bank_import\app\Shared\Repositories\TransactionRepository.php:534
C:\Users\prote\Documents\software-devel\ksf_bank_import\tests\unit\Repository\TransactionRepositoryTest.php:643</error>
      </testcase>
      <testcase name="testFindUnmatchedTransactionsReturnsUnmatchedOnly" class="Ksfraser\Tests\Unit\Repository\TransactionRepositoryTest" classname="Ksfraser.Tests.Unit.Repository.TransactionRepositoryTest" file="C:\Users\prote\Documents\software-devel\ksf_bank_import\tests\unit\Repository\TransactionRepositoryTest.php" line="656" assertions="2" time="0.007777"/>
      <testcase name="testFindByAmountRangeReturnsCorrectTransactions" class="Ksfraser\Tests\Unit\Repository\TransactionRepositoryTest" classname="Ksfraser.Tests.Unit.Repository.TransactionRepositoryTest" file="C:\Users\prote\Documents\software-devel\ksf_bank_import\tests\unit\Repository\TransactionRepositoryTest.php" line="671" assertions="5" time="0.007704"/>
      <testcase name="testSaveAndRetrieveRoundTrip" class="Ksfraser\Tests\Unit\Repository\TransactionRepositoryTest" classname="Ksfraser.Tests.Unit.Repository.TransactionRepositoryTest" file="C:\Users\prote\Documents\software-devel\ksf_bank_import\tests\unit\Repository\TransactionRepositoryTest.php" line="692" assertions="0" time="0.007171">
        <error type="Error">Ksfraser\Tests\Unit\Repository\TransactionRepositoryTest::testSaveAndRetrieveRoundTrip
Error: Call to a member function getId() on int

C:\Users\prote\Documents\software-devel\ksf_bank_import\tests\unit\Repository\TransactionRepositoryTest.php:703</error>
      </testcase>
    </testsuite>
  </testsuite>
</testsuites>
