<?xml version="1.0" encoding="UTF-8"?>
<testsuites>
  <testsuite name="Ksfraser\Tests\Unit\Repository\StatementRepositoryTest" file="C:\Users\prote\Documents\software-devel\ksf_bank_import\tests\unit\Repository\StatementRepositoryTest.php" tests="45" assertions="19" errors="31" warnings="0" failures="7" skipped="0" time="3.614487">
    <testcase name="testRepositoryImplementsInterface" class="Ksfraser\Tests\Unit\Repository\StatementRepositoryTest" classname="Ksfraser.Tests.Unit.Repository.StatementRepositoryTest" file="C:\Users\prote\Documents\software-devel\ksf_bank_import\tests\unit\Repository\StatementRepositoryTest.php" line="97" assertions="1" time="2.351346"/>
    <testcase name="testRepositoryAcceptsPdoConnection" class="Ksfraser\Tests\Unit\Repository\StatementRepositoryTest" classname="Ksfraser.Tests.Unit.Repository.StatementRepositoryTest" file="C:\Users\prote\Documents\software-devel\ksf_bank_import\tests\unit\Repository\StatementRepositoryTest.php" line="106" assertions="1" time="0.188396"/>
    <testcase name="testSaveNewStatementReturnsId" class="Ksfraser\Tests\Unit\Repository\StatementRepositoryTest" classname="Ksfraser.Tests.Unit.Repository.StatementRepositoryTest" file="C:\Users\prote\Documents\software-devel\ksf_bank_import\tests\unit\Repository\StatementRepositoryTest.php" line="121" assertions="0" time="0.115346">
      <error type="Error">Ksfraser\Tests\Unit\Repository\StatementRepositoryTest::testSaveNewStatementReturnsId
Error: Unknown named parameter $statementDate

C:\Users\prote\Documents\software-devel\ksf_bank_import\tests\unit\Repository\StatementRepositoryTest.php:126</error>
    </testcase>
    <testcase name="testSaveStatementPersistsToDatabase" class="Ksfraser\Tests\Unit\Repository\StatementRepositoryTest" classname="Ksfraser.Tests.Unit.Repository.StatementRepositoryTest" file="C:\Users\prote\Documents\software-devel\ksf_bank_import\tests\unit\Repository\StatementRepositoryTest.php" line="139" assertions="0" time="0.006250">
      <error type="Error">Ksfraser\Tests\Unit\Repository\StatementRepositoryTest::testSaveStatementPersistsToDatabase
Error: Unknown named parameter $statementDate

C:\Users\prote\Documents\software-devel\ksf_bank_import\tests\unit\Repository\StatementRepositoryTest.php:144</error>
    </testcase>
    <testcase name="testSaveReturnsIdNotEntity" class="Ksfraser\Tests\Unit\Repository\StatementRepositoryTest" classname="Ksfraser.Tests.Unit.Repository.StatementRepositoryTest" file="C:\Users\prote\Documents\software-devel\ksf_bank_import\tests\unit\Repository\StatementRepositoryTest.php" line="157" assertions="0" time="0.006029">
      <error type="Error">Ksfraser\Tests\Unit\Repository\StatementRepositoryTest::testSaveReturnsIdNotEntity
Error: Unknown named parameter $statementDate

C:\Users\prote\Documents\software-devel\ksf_bank_import\tests\unit\Repository\StatementRepositoryTest.php:162</error>
    </testcase>
    <testcase name="testSaveThrowsExceptionForMissingBankId" class="Ksfraser\Tests\Unit\Repository\StatementRepositoryTest" classname="Ksfraser.Tests.Unit.Repository.StatementRepositoryTest" file="C:\Users\prote\Documents\software-devel\ksf_bank_import\tests\unit\Repository\StatementRepositoryTest.php" line="175" assertions="1" time="0.134438">
      <failure type="PHPUnit\Framework\ExpectationFailedException">Ksfraser\Tests\Unit\Repository\StatementRepositoryTest::testSaveThrowsExceptionForMissingBankId
Failed asserting that exception of type "Error" matches expected exception "Ksfraser\FaBankImport\Shared\Exceptions\InvalidStatementException". Message was: "Unknown named parameter $statementDate" at
C:\Users\prote\Documents\software-devel\ksf_bank_import\tests\unit\Repository\StatementRepositoryTest.php:182
.</failure>
    </testcase>
    <testcase name="testSaveThrowsExceptionForMissingAcctId" class="Ksfraser\Tests\Unit\Repository\StatementRepositoryTest" classname="Ksfraser.Tests.Unit.Repository.StatementRepositoryTest" file="C:\Users\prote\Documents\software-devel\ksf_bank_import\tests\unit\Repository\StatementRepositoryTest.php" line="190" assertions="1" time="0.008717">
      <failure type="PHPUnit\Framework\ExpectationFailedException">Ksfraser\Tests\Unit\Repository\StatementRepositoryTest::testSaveThrowsExceptionForMissingAcctId
Failed asserting that exception of type "Error" matches expected exception "Ksfraser\FaBankImport\Shared\Exceptions\InvalidStatementException". Message was: "Unknown named parameter $statementDate" at
C:\Users\prote\Documents\software-devel\ksf_bank_import\tests\unit\Repository\StatementRepositoryTest.php:197
.</failure>
    </testcase>
    <testcase name="testFindByIdReturnsStatementEntity" class="Ksfraser\Tests\Unit\Repository\StatementRepositoryTest" classname="Ksfraser.Tests.Unit.Repository.StatementRepositoryTest" file="C:\Users\prote\Documents\software-devel\ksf_bank_import\tests\unit\Repository\StatementRepositoryTest.php" line="209" assertions="0" time="0.077319">
      <error type="Ksfraser\FaBankImport\Shared\Exceptions\RepositoryException">Ksfraser\Tests\Unit\Repository\StatementRepositoryTest::testFindByIdReturnsStatementEntity
Ksfraser\FaBankImport\Shared\Exceptions\RepositoryException: Error finding statement by ID: bank cannot be empty

C:\Users\prote\Documents\software-devel\ksf_bank_import\app\Shared\Repositories\StatementRepository.php:73
C:\Users\prote\Documents\software-devel\ksf_bank_import\tests\unit\Repository\StatementRepositoryTest.php:211</error>
    </testcase>
    <testcase name="testFindByIdThrowsEntityNotFoundExceptionForMissingId" class="Ksfraser\Tests\Unit\Repository\StatementRepositoryTest" classname="Ksfraser.Tests.Unit.Repository.StatementRepositoryTest" file="C:\Users\prote\Documents\software-devel\ksf_bank_import\tests\unit\Repository\StatementRepositoryTest.php" line="221" assertions="1" time="0.049111">
      <failure type="PHPUnit\Framework\ExpectationFailedException">Ksfraser\Tests\Unit\Repository\StatementRepositoryTest::testFindByIdThrowsEntityNotFoundExceptionForMissingId
Failed asserting that exception of type "Ksfraser\FaBankImport\Shared\Exceptions\RepositoryException" matches expected exception "Ksfraser\FaBankImport\Shared\Exceptions\EntityNotFoundException". Message was: "Error finding statement by ID: bank cannot be empty" at
C:\Users\prote\Documents\software-devel\ksf_bank_import\src\Ksfraser\FaBankImport\Shared\Entities\BiStatement.php:55
C:\Users\prote\Documents\software-devel\ksf_bank_import\src\Ksfraser\FaBankImport\Shared\Entities\BiStatement.php:102
C:\Users\prote\Documents\software-devel\ksf_bank_import\app\Shared\Repositories\StatementRepository.php:559
C:\Users\prote\Documents\software-devel\ksf_bank_import\app\Shared\Repositories\StatementRepository.php:69
C:\Users\prote\Documents\software-devel\ksf_bank_import\tests\unit\Repository\StatementRepositoryTest.php:224
.</failure>
    </testcase>
    <testcase name="testFindByIdReturnsCorrectStatementData" class="Ksfraser\Tests\Unit\Repository\StatementRepositoryTest" classname="Ksfraser.Tests.Unit.Repository.StatementRepositoryTest" file="C:\Users\prote\Documents\software-devel\ksf_bank_import\tests\unit\Repository\StatementRepositoryTest.php" line="231" assertions="0" time="0.007212">
      <error type="Ksfraser\FaBankImport\Shared\Exceptions\RepositoryException">Ksfraser\Tests\Unit\Repository\StatementRepositoryTest::testFindByIdReturnsCorrectStatementData
Ksfraser\FaBankImport\Shared\Exceptions\RepositoryException: Error finding statement by ID: bank cannot be empty

C:\Users\prote\Documents\software-devel\ksf_bank_import\app\Shared\Repositories\StatementRepository.php:73
C:\Users\prote\Documents\software-devel\ksf_bank_import\tests\unit\Repository\StatementRepositoryTest.php:233</error>
    </testcase>
    <testcase name="testFindByBankIdReturnsArrayOfStatements" class="Ksfraser\Tests\Unit\Repository\StatementRepositoryTest" classname="Ksfraser.Tests.Unit.Repository.StatementRepositoryTest" file="C:\Users\prote\Documents\software-devel\ksf_bank_import\tests\unit\Repository\StatementRepositoryTest.php" line="247" assertions="0" time="0.007364">
      <error type="Ksfraser\FaBankImport\Shared\Exceptions\RepositoryException">Ksfraser\Tests\Unit\Repository\StatementRepositoryTest::testFindByBankIdReturnsArrayOfStatements
Ksfraser\FaBankImport\Shared\Exceptions\RepositoryException: Error finding statements by bank: bank cannot be empty

C:\Users\prote\Documents\software-devel\ksf_bank_import\app\Shared\Repositories\StatementRepository.php:107
C:\Users\prote\Documents\software-devel\ksf_bank_import\tests\unit\Repository\StatementRepositoryTest.php:249</error>
    </testcase>
    <testcase name="testFindByBankIdReturnsEmptyArrayForNoMatches" class="Ksfraser\Tests\Unit\Repository\StatementRepositoryTest" classname="Ksfraser.Tests.Unit.Repository.StatementRepositoryTest" file="C:\Users\prote\Documents\software-devel\ksf_bank_import\tests\unit\Repository\StatementRepositoryTest.php" line="258" assertions="0" time="0.008839">
      <error type="Ksfraser\FaBankImport\Shared\Exceptions\RepositoryException">Ksfraser\Tests\Unit\Repository\StatementRepositoryTest::testFindByBankIdReturnsEmptyArrayForNoMatches
Ksfraser\FaBankImport\Shared\Exceptions\RepositoryException: Error finding statements by bank: bank cannot be empty

C:\Users\prote\Documents\software-devel\ksf_bank_import\app\Shared\Repositories\StatementRepository.php:107
C:\Users\prote\Documents\software-devel\ksf_bank_import\tests\unit\Repository\StatementRepositoryTest.php:260</error>
    </testcase>
    <testcase name="testFindByBankIdReturnsOnlyMatchingStatements" class="Ksfraser\Tests\Unit\Repository\StatementRepositoryTest" classname="Ksfraser.Tests.Unit.Repository.StatementRepositoryTest" file="C:\Users\prote\Documents\software-devel\ksf_bank_import\tests\unit\Repository\StatementRepositoryTest.php" line="270" assertions="0" time="0.027799">
      <error type="Ksfraser\FaBankImport\Shared\Exceptions\RepositoryException">Ksfraser\Tests\Unit\Repository\StatementRepositoryTest::testFindByBankIdReturnsOnlyMatchingStatements
Ksfraser\FaBankImport\Shared\Exceptions\RepositoryException: Error finding statements by bank: bank cannot be empty

C:\Users\prote\Documents\software-devel\ksf_bank_import\app\Shared\Repositories\StatementRepository.php:107
C:\Users\prote\Documents\software-devel\ksf_bank_import\tests\unit\Repository\StatementRepositoryTest.php:272</error>
    </testcase>
    <testcase name="testFindByAcctIdReturnsStatements" class="Ksfraser\Tests\Unit\Repository\StatementRepositoryTest" classname="Ksfraser.Tests.Unit.Repository.StatementRepositoryTest" file="C:\Users\prote\Documents\software-devel\ksf_bank_import\tests\unit\Repository\StatementRepositoryTest.php" line="288" assertions="0" time="0.009425">
      <error type="Ksfraser\FaBankImport\Shared\Exceptions\RepositoryException">Ksfraser\Tests\Unit\Repository\StatementRepositoryTest::testFindByAcctIdReturnsStatements
Ksfraser\FaBankImport\Shared\Exceptions\RepositoryException: Error finding statements by account: bank cannot be empty

C:\Users\prote\Documents\software-devel\ksf_bank_import\app\Shared\Repositories\StatementRepository.php:141
C:\Users\prote\Documents\software-devel\ksf_bank_import\tests\unit\Repository\StatementRepositoryTest.php:290</error>
    </testcase>
    <testcase name="testFindByAcctIdReturnsEmptyArrayForNoMatches" class="Ksfraser\Tests\Unit\Repository\StatementRepositoryTest" classname="Ksfraser.Tests.Unit.Repository.StatementRepositoryTest" file="C:\Users\prote\Documents\software-devel\ksf_bank_import\tests\unit\Repository\StatementRepositoryTest.php" line="299" assertions="0" time="0.019692">
      <error type="Ksfraser\FaBankImport\Shared\Exceptions\RepositoryException">Ksfraser\Tests\Unit\Repository\StatementRepositoryTest::testFindByAcctIdReturnsEmptyArrayForNoMatches
Ksfraser\FaBankImport\Shared\Exceptions\RepositoryException: Error finding statements by account: bank cannot be empty

C:\Users\prote\Documents\software-devel\ksf_bank_import\app\Shared\Repositories\StatementRepository.php:141
C:\Users\prote\Documents\software-devel\ksf_bank_import\tests\unit\Repository\StatementRepositoryTest.php:301</error>
    </testcase>
    <testcase name="testFindByAcctIdSupportsLimit" class="Ksfraser\Tests\Unit\Repository\StatementRepositoryTest" classname="Ksfraser.Tests.Unit.Repository.StatementRepositoryTest" file="C:\Users\prote\Documents\software-devel\ksf_bank_import\tests\unit\Repository\StatementRepositoryTest.php" line="311" assertions="0" time="0.009736">
      <error type="Ksfraser\FaBankImport\Shared\Exceptions\RepositoryException">Ksfraser\Tests\Unit\Repository\StatementRepositoryTest::testFindByAcctIdSupportsLimit
Ksfraser\FaBankImport\Shared\Exceptions\RepositoryException: Error finding statements by account: bank cannot be empty

C:\Users\prote\Documents\software-devel\ksf_bank_import\app\Shared\Repositories\StatementRepository.php:141
C:\Users\prote\Documents\software-devel\ksf_bank_import\tests\unit\Repository\StatementRepositoryTest.php:313</error>
    </testcase>
    <testcase name="testFindByDateRangeReturnsStatements" class="Ksfraser\Tests\Unit\Repository\StatementRepositoryTest" classname="Ksfraser.Tests.Unit.Repository.StatementRepositoryTest" file="C:\Users\prote\Documents\software-devel\ksf_bank_import\tests\unit\Repository\StatementRepositoryTest.php" line="326" assertions="0" time="0.022048">
      <error type="Ksfraser\FaBankImport\Shared\Exceptions\RepositoryException">Ksfraser\Tests\Unit\Repository\StatementRepositoryTest::testFindByDateRangeReturnsStatements
Ksfraser\FaBankImport\Shared\Exceptions\RepositoryException: Error finding statements by date range: bank cannot be empty

C:\Users\prote\Documents\software-devel\ksf_bank_import\app\Shared\Repositories\StatementRepository.php:181
C:\Users\prote\Documents\software-devel\ksf_bank_import\tests\unit\Repository\StatementRepositoryTest.php:328</error>
    </testcase>
    <testcase name="testFindByDateRangeReturnsEmptyArrayForOutOfRange" class="Ksfraser\Tests\Unit\Repository\StatementRepositoryTest" classname="Ksfraser.Tests.Unit.Repository.StatementRepositoryTest" file="C:\Users\prote\Documents\software-devel\ksf_bank_import\tests\unit\Repository\StatementRepositoryTest.php" line="340" assertions="0" time="0.007523">
      <error type="Ksfraser\FaBankImport\Shared\Exceptions\RepositoryException">Ksfraser\Tests\Unit\Repository\StatementRepositoryTest::testFindByDateRangeReturnsEmptyArrayForOutOfRange
Ksfraser\FaBankImport\Shared\Exceptions\RepositoryException: Error finding statements by date range: bank cannot be empty

C:\Users\prote\Documents\software-devel\ksf_bank_import\app\Shared\Repositories\StatementRepository.php:181
C:\Users\prote\Documents\software-devel\ksf_bank_import\tests\unit\Repository\StatementRepositoryTest.php:342</error>
    </testcase>
    <testcase name="testFindByDateRangeSupportsLimit" class="Ksfraser\Tests\Unit\Repository\StatementRepositoryTest" classname="Ksfraser.Tests.Unit.Repository.StatementRepositoryTest" file="C:\Users\prote\Documents\software-devel\ksf_bank_import\tests\unit\Repository\StatementRepositoryTest.php" line="355" assertions="0" time="0.011739">
      <error type="Ksfraser\FaBankImport\Shared\Exceptions\RepositoryException">Ksfraser\Tests\Unit\Repository\StatementRepositoryTest::testFindByDateRangeSupportsLimit
Ksfraser\FaBankImport\Shared\Exceptions\RepositoryException: Error finding statements by date range: bank cannot be empty

C:\Users\prote\Documents\software-devel\ksf_bank_import\app\Shared\Repositories\StatementRepository.php:181
C:\Users\prote\Documents\software-devel\ksf_bank_import\tests\unit\Repository\StatementRepositoryTest.php:357</error>
    </testcase>
    <testcase name="testUpdateStatementUpdatesDatabaseRecord" class="Ksfraser\Tests\Unit\Repository\StatementRepositoryTest" classname="Ksfraser.Tests.Unit.Repository.StatementRepositoryTest" file="C:\Users\prote\Documents\software-devel\ksf_bank_import\tests\unit\Repository\StatementRepositoryTest.php" line="374" assertions="0" time="0.009605">
      <error type="Error">Ksfraser\Tests\Unit\Repository\StatementRepositoryTest::testUpdateStatementUpdatesDatabaseRecord
Error: Unknown named parameter $statementDate

C:\Users\prote\Documents\software-devel\ksf_bank_import\tests\unit\Repository\StatementRepositoryTest.php:384</error>
    </testcase>
    <testcase name="testUpdateReturnsId" class="Ksfraser\Tests\Unit\Repository\StatementRepositoryTest" classname="Ksfraser.Tests.Unit.Repository.StatementRepositoryTest" file="C:\Users\prote\Documents\software-devel\ksf_bank_import\tests\unit\Repository\StatementRepositoryTest.php" line="399" assertions="0" time="0.009720">
      <error type="Error">Ksfraser\Tests\Unit\Repository\StatementRepositoryTest::testUpdateReturnsId
Error: Unknown named parameter $statementDate

C:\Users\prote\Documents\software-devel\ksf_bank_import\tests\unit\Repository\StatementRepositoryTest.php:408</error>
    </testcase>
    <testcase name="testUpdateThrowsExceptionIfTransactionNotFound" class="Ksfraser\Tests\Unit\Repository\StatementRepositoryTest" classname="Ksfraser.Tests.Unit.Repository.StatementRepositoryTest" file="C:\Users\prote\Documents\software-devel\ksf_bank_import\tests\unit\Repository\StatementRepositoryTest.php" line="423" assertions="1" time="0.009411">
      <failure type="PHPUnit\Framework\ExpectationFailedException">Ksfraser\Tests\Unit\Repository\StatementRepositoryTest::testUpdateThrowsExceptionIfTransactionNotFound
Failed asserting that exception of type "Error" matches expected exception "Ksfraser\FaBankImport\Shared\Exceptions\EntityNotFoundException". Message was: "Unknown named parameter $statementDate" at
C:\Users\prote\Documents\software-devel\ksf_bank_import\tests\unit\Repository\StatementRepositoryTest.php:430
.</failure>
    </testcase>
    <testcase name="testDeleteRemovesStatementFromRepository" class="Ksfraser\Tests\Unit\Repository\StatementRepositoryTest" classname="Ksfraser.Tests.Unit.Repository.StatementRepositoryTest" file="C:\Users\prote\Documents\software-devel\ksf_bank_import\tests\unit\Repository\StatementRepositoryTest.php" line="445" assertions="0" time="0.020336">
      <error type="Ksfraser\FaBankImport\Shared\Exceptions\EntityNotFoundException">Ksfraser\Tests\Unit\Repository\StatementRepositoryTest::testDeleteRemovesStatementFromRepository
Ksfraser\FaBankImport\Shared\Exceptions\EntityNotFoundException: Statement with ID 1 not found

C:\Users\prote\Documents\software-devel\ksf_bank_import\app\Shared\Repositories\StatementRepository.php:295
C:\Users\prote\Documents\software-devel\ksf_bank_import\tests\unit\Repository\StatementRepositoryTest.php:447</error>
    </testcase>
    <testcase name="testDeleteThrowsExceptionIfNotFound" class="Ksfraser\Tests\Unit\Repository\StatementRepositoryTest" classname="Ksfraser.Tests.Unit.Repository.StatementRepositoryTest" file="C:\Users\prote\Documents\software-devel\ksf_bank_import\tests\unit\Repository\StatementRepositoryTest.php" line="457" assertions="1" time="0.009298"/>
    <testcase name="testBulkInsertReturnsArrayOfIds" class="Ksfraser\Tests\Unit\Repository\StatementRepositoryTest" classname="Ksfraser.Tests.Unit.Repository.StatementRepositoryTest" file="C:\Users\prote\Documents\software-devel\ksf_bank_import\tests\unit\Repository\StatementRepositoryTest.php" line="471" assertions="0" time="0.006084">
      <error type="TypeError">Ksfraser\Tests\Unit\Repository\StatementRepositoryTest::testBulkInsertReturnsArrayOfIds
TypeError: Ksfraser\FaBankImport\Shared\Entities\BiStatement::create(): Argument #3 ($statementId) must be of type string, DateTime given, called in C:\Users\prote\Documents\software-devel\ksf_bank_import\tests\unit\Repository\StatementRepositoryTest.php on line 474

C:\Users\prote\Documents\software-devel\ksf_bank_import\src\Ksfraser\FaBankImport\Shared\Entities\BiStatement.php:83
C:\Users\prote\Documents\software-devel\ksf_bank_import\tests\unit\Repository\StatementRepositoryTest.php:474</error>
    </testcase>
    <testcase name="testBulkInsertEmptyArrayReturnsEmpty" class="Ksfraser\Tests\Unit\Repository\StatementRepositoryTest" classname="Ksfraser.Tests.Unit.Repository.StatementRepositoryTest" file="C:\Users\prote\Documents\software-devel\ksf_bank_import\tests\unit\Repository\StatementRepositoryTest.php" line="488" assertions="2" time="0.138652"/>
    <testcase name="testBulkInsertRollsBackOnError" class="Ksfraser\Tests\Unit\Repository\StatementRepositoryTest" classname="Ksfraser.Tests.Unit.Repository.StatementRepositoryTest" file="C:\Users\prote\Documents\software-devel\ksf_bank_import\tests\unit\Repository\StatementRepositoryTest.php" line="500" assertions="1" time="0.008456">
      <failure type="PHPUnit\Framework\ExpectationFailedException">Ksfraser\Tests\Unit\Repository\StatementRepositoryTest::testBulkInsertRollsBackOnError
Failed asserting that exception of type "TypeError" matches expected exception "Ksfraser\FaBankImport\Shared\Exceptions\RepositoryException". Message was: "Ksfraser\FaBankImport\Shared\Entities\BiStatement::create(): Argument #3 ($statementId) must be of type string, DateTime given, called in C:\Users\prote\Documents\software-devel\ksf_bank_import\tests\unit\Repository\StatementRepositoryTest.php on line 507" at
C:\Users\prote\Documents\software-devel\ksf_bank_import\src\Ksfraser\FaBankImport\Shared\Entities\BiStatement.php:83
C:\Users\prote\Documents\software-devel\ksf_bank_import\tests\unit\Repository\StatementRepositoryTest.php:507
.</failure>
    </testcase>
    <testcase name="testFindByStatusReturnsFilteredStatements" class="Ksfraser\Tests\Unit\Repository\StatementRepositoryTest" classname="Ksfraser.Tests.Unit.Repository.StatementRepositoryTest" file="C:\Users\prote\Documents\software-devel\ksf_bank_import\tests\unit\Repository\StatementRepositoryTest.php" line="521" assertions="0" time="0.008070">
      <error type="Ksfraser\FaBankImport\Shared\Exceptions\RepositoryException">Ksfraser\Tests\Unit\Repository\StatementRepositoryTest::testFindByStatusReturnsFilteredStatements
Ksfraser\FaBankImport\Shared\Exceptions\RepositoryException: Error finding statements by status: bank cannot be empty

C:\Users\prote\Documents\software-devel\ksf_bank_import\app\Shared\Repositories\StatementRepository.php:452
C:\Users\prote\Documents\software-devel\ksf_bank_import\tests\unit\Repository\StatementRepositoryTest.php:523</error>
    </testcase>
    <testcase name="testFindByStatusOnlyReturnsMatchingStatus" class="Ksfraser\Tests\Unit\Repository\StatementRepositoryTest" classname="Ksfraser.Tests.Unit.Repository.StatementRepositoryTest" file="C:\Users\prote\Documents\software-devel\ksf_bank_import\tests\unit\Repository\StatementRepositoryTest.php" line="532" assertions="0" time="0.007511">
      <error type="Ksfraser\FaBankImport\Shared\Exceptions\RepositoryException">Ksfraser\Tests\Unit\Repository\StatementRepositoryTest::testFindByStatusOnlyReturnsMatchingStatus
Ksfraser\FaBankImport\Shared\Exceptions\RepositoryException: Error finding statements by status: bank cannot be empty

C:\Users\prote\Documents\software-devel\ksf_bank_import\app\Shared\Repositories\StatementRepository.php:452
C:\Users\prote\Documents\software-devel\ksf_bank_import\tests\unit\Repository\StatementRepositoryTest.php:534</error>
    </testcase>
    <testcase name="testFindUnprocessedReturnsStatements" class="Ksfraser\Tests\Unit\Repository\StatementRepositoryTest" classname="Ksfraser.Tests.Unit.Repository.StatementRepositoryTest" file="C:\Users\prote\Documents\software-devel\ksf_bank_import\tests\unit\Repository\StatementRepositoryTest.php" line="546" assertions="0" time="0.007682">
      <error type="Ksfraser\FaBankImport\Shared\Exceptions\RepositoryException">Ksfraser\Tests\Unit\Repository\StatementRepositoryTest::testFindUnprocessedReturnsStatements
Ksfraser\FaBankImport\Shared\Exceptions\RepositoryException: Error finding unprocessed statements: bank cannot be empty

C:\Users\prote\Documents\software-devel\ksf_bank_import\app\Shared\Repositories\StatementRepository.php:485
C:\Users\prote\Documents\software-devel\ksf_bank_import\tests\unit\Repository\StatementRepositoryTest.php:548</error>
    </testcase>
    <testcase name="testFindProcessedReturnsStatements" class="Ksfraser\Tests\Unit\Repository\StatementRepositoryTest" classname="Ksfraser.Tests.Unit.Repository.StatementRepositoryTest" file="C:\Users\prote\Documents\software-devel\ksf_bank_import\tests\unit\Repository\StatementRepositoryTest.php" line="557" assertions="0" time="0.007529">
      <error type="Ksfraser\FaBankImport\Shared\Exceptions\RepositoryException">Ksfraser\Tests\Unit\Repository\StatementRepositoryTest::testFindProcessedReturnsStatements
Ksfraser\FaBankImport\Shared\Exceptions\RepositoryException: Error finding processed statements: bank cannot be empty

C:\Users\prote\Documents\software-devel\ksf_bank_import\app\Shared\Repositories\StatementRepository.php:518
C:\Users\prote\Documents\software-devel\ksf_bank_import\tests\unit\Repository\StatementRepositoryTest.php:559</error>
    </testcase>
    <testcase name="testCountReturnsIntegerCount" class="Ksfraser\Tests\Unit\Repository\StatementRepositoryTest" classname="Ksfraser.Tests.Unit.Repository.StatementRepositoryTest" file="C:\Users\prote\Documents\software-devel\ksf_bank_import\tests\unit\Repository\StatementRepositoryTest.php" line="572" assertions="3" time="0.195517"/>
    <testcase name="testCountByStatusReturnsCount" class="Ksfraser\Tests\Unit\Repository\StatementRepositoryTest" classname="Ksfraser.Tests.Unit.Repository.StatementRepositoryTest" file="C:\Users\prote\Documents\software-devel\ksf_bank_import\tests\unit\Repository\StatementRepositoryTest.php" line="584" assertions="3" time="0.010462"/>
    <testcase name="testFindByIdThrowsRepositoryExceptionOnDatabaseError" class="Ksfraser\Tests\Unit\Repository\StatementRepositoryTest" classname="Ksfraser.Tests.Unit.Repository.StatementRepositoryTest" file="C:\Users\prote\Documents\software-devel\ksf_bank_import\tests\unit\Repository\StatementRepositoryTest.php" line="600" assertions="1" time="0.010928"/>
    <testcase name="testSaveThrowsRepositoryExceptionOnDatabaseError" class="Ksfraser\Tests\Unit\Repository\StatementRepositoryTest" classname="Ksfraser.Tests.Unit.Repository.StatementRepositoryTest" file="C:\Users\prote\Documents\software-devel\ksf_bank_import\tests\unit\Repository\StatementRepositoryTest.php" line="611" assertions="1" time="0.009701">
      <failure type="PHPUnit\Framework\ExpectationFailedException">Ksfraser\Tests\Unit\Repository\StatementRepositoryTest::testSaveThrowsRepositoryExceptionOnDatabaseError
Failed asserting that exception of type "TypeError" matches expected exception "Ksfraser\FaBankImport\Shared\Exceptions\RepositoryException". Message was: "Ksfraser\FaBankImport\Shared\Entities\BiStatement::create(): Argument #3 ($statementId) must be of type string, DateTime given, called in C:\Users\prote\Documents\software-devel\ksf_bank_import\tests\unit\Repository\StatementRepositoryTest.php on line 615" at
C:\Users\prote\Documents\software-devel\ksf_bank_import\src\Ksfraser\FaBankImport\Shared\Entities\BiStatement.php:83
C:\Users\prote\Documents\software-devel\ksf_bank_import\tests\unit\Repository\StatementRepositoryTest.php:615
.</failure>
    </testcase>
    <testcase name="testUpdateThrowsRepositoryExceptionOnDatabaseError" class="Ksfraser\Tests\Unit\Repository\StatementRepositoryTest" classname="Ksfraser.Tests.Unit.Repository.StatementRepositoryTest" file="C:\Users\prote\Documents\software-devel\ksf_bank_import\tests\unit\Repository\StatementRepositoryTest.php" line="623" assertions="1" time="0.009195">
      <failure type="PHPUnit\Framework\ExpectationFailedException">Ksfraser\Tests\Unit\Repository\StatementRepositoryTest::testUpdateThrowsRepositoryExceptionOnDatabaseError
Failed asserting that exception of type "TypeError" matches expected exception "Ksfraser\FaBankImport\Shared\Exceptions\RepositoryException". Message was: "Ksfraser\FaBankImport\Shared\Entities\BiStatement::create(): Argument #3 ($statementId) must be of type string, DateTime given, called in C:\Users\prote\Documents\software-devel\ksf_bank_import\tests\unit\Repository\StatementRepositoryTest.php on line 627" at
C:\Users\prote\Documents\software-devel\ksf_bank_import\src\Ksfraser\FaBankImport\Shared\Entities\BiStatement.php:83
C:\Users\prote\Documents\software-devel\ksf_bank_import\tests\unit\Repository\StatementRepositoryTest.php:627
.</failure>
    </testcase>
    <testcase name="testFindByDateRangeCompletesBelowThreshold" class="Ksfraser\Tests\Unit\Repository\StatementRepositoryTest" classname="Ksfraser.Tests.Unit.Repository.StatementRepositoryTest" file="C:\Users\prote\Documents\software-devel\ksf_bank_import\tests\unit\Repository\StatementRepositoryTest.php" line="644" assertions="0" time="0.009188">
      <error type="Ksfraser\FaBankImport\Shared\Exceptions\RepositoryException">Ksfraser\Tests\Unit\Repository\StatementRepositoryTest::testFindByDateRangeCompletesBelowThreshold
Ksfraser\FaBankImport\Shared\Exceptions\RepositoryException: Error finding statements by date range: bank cannot be empty

C:\Users\prote\Documents\software-devel\ksf_bank_import\app\Shared\Repositories\StatementRepository.php:181
C:\Users\prote\Documents\software-devel\ksf_bank_import\tests\unit\Repository\StatementRepositoryTest.php:648</error>
    </testcase>
    <testcase name="testBulkInsertCompletesBelowThreshold" class="Ksfraser\Tests\Unit\Repository\StatementRepositoryTest" classname="Ksfraser.Tests.Unit.Repository.StatementRepositoryTest" file="C:\Users\prote\Documents\software-devel\ksf_bank_import\tests\unit\Repository\StatementRepositoryTest.php" line="659" assertions="0" time="0.006915">
      <error type="TypeError">Ksfraser\Tests\Unit\Repository\StatementRepositoryTest::testBulkInsertCompletesBelowThreshold
TypeError: Ksfraser\FaBankImport\Shared\Entities\BiStatement::create(): Argument #3 ($statementId) must be of type string, DateTime given, called in C:\Users\prote\Documents\software-devel\ksf_bank_import\tests\unit\Repository\StatementRepositoryTest.php on line 662

C:\Users\prote\Documents\software-devel\ksf_bank_import\src\Ksfraser\FaBankImport\Shared\Entities\BiStatement.php:83
C:\Users\prote\Documents\software-devel\ksf_bank_import\tests\unit\Repository\StatementRepositoryTest.php:662
C:\Users\prote\Documents\software-devel\ksf_bank_import\tests\unit\Repository\StatementRepositoryTest.php:661</error>
    </testcase>
    <testcase name="testFindByFilterCombinesMultipleCriteria" class="Ksfraser\Tests\Unit\Repository\StatementRepositoryTest" classname="Ksfraser.Tests.Unit.Repository.StatementRepositoryTest" file="C:\Users\prote\Documents\software-devel\ksf_bank_import\tests\unit\Repository\StatementRepositoryTest.php" line="683" assertions="0" time="0.007526">
      <error type="Ksfraser\FaBankImport\Shared\Exceptions\RepositoryException">Ksfraser\Tests\Unit\Repository\StatementRepositoryTest::testFindByFilterCombinesMultipleCriteria
Ksfraser\FaBankImport\Shared\Exceptions\RepositoryException: Error finding statements by bank: bank cannot be empty

C:\Users\prote\Documents\software-devel\ksf_bank_import\app\Shared\Repositories\StatementRepository.php:107
C:\Users\prote\Documents\software-devel\ksf_bank_import\tests\unit\Repository\StatementRepositoryTest.php:685</error>
    </testcase>
    <testcase name="testFindWithPaginationOffsetsCorrectly" class="Ksfraser\Tests\Unit\Repository\StatementRepositoryTest" classname="Ksfraser.Tests.Unit.Repository.StatementRepositoryTest" file="C:\Users\prote\Documents\software-devel\ksf_bank_import\tests\unit\Repository\StatementRepositoryTest.php" line="694" assertions="0" time="0.007300">
      <error type="Ksfraser\FaBankImport\Shared\Exceptions\RepositoryException">Ksfraser\Tests\Unit\Repository\StatementRepositoryTest::testFindWithPaginationOffsetsCorrectly
Ksfraser\FaBankImport\Shared\Exceptions\RepositoryException: Error finding statements by bank: bank cannot be empty

C:\Users\prote\Documents\software-devel\ksf_bank_import\app\Shared\Repositories\StatementRepository.php:107
C:\Users\prote\Documents\software-devel\ksf_bank_import\tests\unit\Repository\StatementRepositoryTest.php:696</error>
    </testcase>
    <testcase name="testFindByDateRangeSortsResultsCorrectly" class="Ksfraser\Tests\Unit\Repository\StatementRepositoryTest" classname="Ksfraser.Tests.Unit.Repository.StatementRepositoryTest" file="C:\Users\prote\Documents\software-devel\ksf_bank_import\tests\unit\Repository\StatementRepositoryTest.php" line="707" assertions="0" time="0.007347">
      <error type="Ksfraser\FaBankImport\Shared\Exceptions\RepositoryException">Ksfraser\Tests\Unit\Repository\StatementRepositoryTest::testFindByDateRangeSortsResultsCorrectly
Ksfraser\FaBankImport\Shared\Exceptions\RepositoryException: Error finding statements by date range: bank cannot be empty

C:\Users\prote\Documents\software-devel\ksf_bank_import\app\Shared\Repositories\StatementRepository.php:181
C:\Users\prote\Documents\software-devel\ksf_bank_import\tests\unit\Repository\StatementRepositoryTest.php:709</error>
    </testcase>
    <testcase name="testRoundTripCreateReadVerify" class="Ksfraser\Tests\Unit\Repository\StatementRepositoryTest" classname="Ksfraser.Tests.Unit.Repository.StatementRepositoryTest" file="C:\Users\prote\Documents\software-devel\ksf_bank_import\tests\unit\Repository\StatementRepositoryTest.php" line="723" assertions="0" time="0.006347">
      <error type="Error">Ksfraser\Tests\Unit\Repository\StatementRepositoryTest::testRoundTripCreateReadVerify
Error: Unknown named parameter $statementDate

C:\Users\prote\Documents\software-devel\ksf_bank_import\tests\unit\Repository\StatementRepositoryTest.php:728</error>
    </testcase>
    <testcase name="testUpdatePreservesImmutabilityViaNewEntity" class="Ksfraser\Tests\Unit\Repository\StatementRepositoryTest" classname="Ksfraser.Tests.Unit.Repository.StatementRepositoryTest" file="C:\Users\prote\Documents\software-devel\ksf_bank_import\tests\unit\Repository\StatementRepositoryTest.php" line="746" assertions="0" time="0.006230">
      <error type="TypeError">Ksfraser\Tests\Unit\Repository\StatementRepositoryTest::testUpdatePreservesImmutabilityViaNewEntity
TypeError: Ksfraser\FaBankImport\Shared\Entities\BiStatement::create(): Argument #3 ($statementId) must be of type string, DateTime given, called in C:\Users\prote\Documents\software-devel\ksf_bank_import\tests\unit\Repository\StatementRepositoryTest.php on line 752

C:\Users\prote\Documents\software-devel\ksf_bank_import\src\Ksfraser\FaBankImport\Shared\Entities\BiStatement.php:83
C:\Users\prote\Documents\software-devel\ksf_bank_import\tests\unit\Repository\StatementRepositoryTest.php:752</error>
    </testcase>
    <testcase name="testStatementFieldsCorrectlyMapped" class="Ksfraser\Tests\Unit\Repository\StatementRepositoryTest" classname="Ksfraser.Tests.Unit.Repository.StatementRepositoryTest" file="C:\Users\prote\Documents\software-devel\ksf_bank_import\tests\unit\Repository\StatementRepositoryTest.php" line="768" assertions="0" time="0.007614">
      <error type="Ksfraser\FaBankImport\Shared\Exceptions\RepositoryException">Ksfraser\Tests\Unit\Repository\StatementRepositoryTest::testStatementFieldsCorrectlyMapped
Ksfraser\FaBankImport\Shared\Exceptions\RepositoryException: Error finding statement by ID: bank cannot be empty

C:\Users\prote\Documents\software-devel\ksf_bank_import\app\Shared\Repositories\StatementRepository.php:73
C:\Users\prote\Documents\software-devel\ksf_bank_import\tests\unit\Repository\StatementRepositoryTest.php:770</error>
    </testcase>
    <testcase name="testBankAccountMappingPreservesIntegrity" class="Ksfraser\Tests\Unit\Repository\StatementRepositoryTest" classname="Ksfraser.Tests.Unit.Repository.StatementRepositoryTest" file="C:\Users\prote\Documents\software-devel\ksf_bank_import\tests\unit\Repository\StatementRepositoryTest.php" line="781" assertions="0" time="0.009532">
      <error type="Ksfraser\FaBankImport\Shared\Exceptions\RepositoryException">Ksfraser\Tests\Unit\Repository\StatementRepositoryTest::testBankAccountMappingPreservesIntegrity
Ksfraser\FaBankImport\Shared\Exceptions\RepositoryException: Error finding statement by ID: bank cannot be empty

C:\Users\prote\Documents\software-devel\ksf_bank_import\app\Shared\Repositories\StatementRepository.php:73
C:\Users\prote\Documents\software-devel\ksf_bank_import\tests\unit\Repository\StatementRepositoryTest.php:783</error>
    </testcase>
  </testsuite>
</testsuites>
